[Licensing::Module] Trying to connect to existing licensing client channel...
Built from '6000.3/staging' branch; Version is '6000.3.11f1 (3000ef702840) revision 3145967'; Using compiler version '194234433'; Build Type 'Release'
[Licensing::IpcConnector] Successfully connected to: "LicenseClient-Goat" at "2026-03-19T15:30:53.1972862Z"
OS: 'Windows 11  (10.0.26200) Professional' Language: 'en' Physical Memory: 32592 MB
BatchMode: 1, IsHumanControllingUs: 0, StartBugReporterOnCrash: 0, Is64bit: 1
System  architecture: x64
Process architecture: x64
Date: 2026-03-19T15:30:53Z

COMMAND LINE ARGUMENTS:
E:\Unity\6000.3.11f1\Editor\Unity.exe
-adb2
-batchMode
-noUpm
-name
AssetImportWorker3
-projectPath
E:/Programming/SolarSystem
-logFile
Logs/AssetImportWorker3.log
-srvPort
57840
-job-worker-count
5
-background-job-worker-count
8
-gc-helper-count
1
-name
AssetImport
Successfully changed project path to: E:/Programming/SolarSystem
E:/Programming/SolarSystem
[UnityMemory] Configuration Parameters - Can be set up in boot.config
    "memorysetup-temp-allocator-size-nav-mesh-worker=65536"
    "memorysetup-temp-allocator-size-audio-worker=65536"
    "memorysetup-temp-allocator-size-gfx=262144"
    "memorysetup-allocator-temp-initial-block-size-main=262144"
    "memorysetup-allocator-temp-initial-block-size-worker=262144"
    "memorysetup-temp-allocator-size-background-worker=32768"
    "memorysetup-temp-allocator-size-job-worker=262144"
    "memorysetup-temp-allocator-size-preload-manager=33554432"
    "memorysetup-temp-allocator-size-gi-baking-worker=262144"
    "memorysetup-temp-allocator-size-gi-baking-worker=262144"
    "memorysetup-temp-allocator-size-gi-baking-worker=262144"
    "memorysetup-temp-allocator-size-gi-baking-worker=262144"
    "memorysetup-temp-allocator-size-gi-baking-worker=262144"
    "memorysetup-bucket-allocator-granularity=16"
    "memorysetup-bucket-allocator-bucket-count=8"
    "memorysetup-bucket-allocator-block-size=33554432"
    "memorysetup-bucket-allocator-block-count=8"
    "memorysetup-main-allocator-block-size=16777216"
    "memorysetup-thread-allocator-block-size=16777216"
    "memorysetup-gfx-main-allocator-block-size=16777216"
    "memorysetup-gfx-thread-allocator-block-size=16777216"
    "memorysetup-cache-allocator-block-size=4194304"
    "memorysetup-typetree-allocator-block-size=2097152"
    "memorysetup-profiler-bucket-allocator-granularity=16"
    "memorysetup-profiler-bucket-allocator-bucket-count=8"
    "memorysetup-profiler-bucket-allocator-block-size=33554432"
    "memorysetup-profiler-bucket-allocator-block-count=8"
    "memorysetup-profiler-allocator-block-size=16777216"
    "memorysetup-profiler-editor-allocator-block-size=1048576"
    "memorysetup-temp-allocator-size-main=16777216"
    "memorysetup-job-temp-allocator-block-size=2097152"
    "memorysetup-job-temp-allocator-block-size-background=1048576"
    "memorysetup-job-temp-allocator-reduction-small-platforms=262144"
    "memorysetup-temp-allocator-size-cloud-worker=32768"
Player connection [42336]  Target information:

Player connection [42336]  * "[IP] 192.168.0.91 [Port] 0 [Flags] 2 [Guid] 2784990858 [EditorId] 2784990858 [Version] 1048832 [Id] WindowsEditor(7,Goat) [Debug] 1 [PackageName] WindowsEditor [ProjectName] Editor" 

Player connection [42336] Host joined multi-casting on [225.0.0.222:54997]...
Player connection [42336] Host joined alternative multi-casting on [225.0.0.222:34997]...
JobSystem: Creating JobQueue using job-worker-count value 5
Input System module state changed to: Initialized.
[Physics::Module] Initialized fallback backend.
[Physics::Module] Id: 0xdecafbad
Library Redirect Path: Library/
[Licensing::Client] Error: HandshakeResponse reported an error:
	ResponseCode: 505
	ResponseStatus: Unsupported protocol version '1.18.0'.
[Licensing::Module] Error: Failed to handshake to channel: "LicenseClient-Goat"
[Licensing::IpcConnector] LicenseClient-Goat channel disconnected successfully.
[Licensing::IpcConnector] Successfully connected to: "LicenseClient-Goat-6000.3.11" at "2026-03-19T15:30:54.3992685Z"
[Physics::Module] Selected backend.
[Physics::Module] Name: PhysX
[Physics::Module] Id: 0xf2b8ea05
[Physics::Module] SDK Version: 4.1.2
[Physics::Module] Integration Version: 1.0.0
[Physics::Module] Threading Mode: Multi-Threaded
Refreshing native plugins compatible for Editor in 3.49 ms, found 3 plugins.
Preloading 0 native plugins for Editor in 0.00 ms.
Initialize engine version: 6000.3.11f1 (3000ef702840)
[Subsystems] Discovering subsystems at path E:/Unity/6000.3.11f1/Editor/Data/Resources/UnitySubsystems
[Subsystems] Discovering subsystems at path E:/Programming/SolarSystem/Assets
GfxDevice: creating device client; kGfxThreadingModeNonThreaded
[Licensing::Client] Handshaking with LicensingClient:
  Version:                 1.18.0+23225a6
  Session Id:              378256c31f6b49b7941e215a5c57023c
  Correlation Id:          2a239129cf9526c090d7b60f6f1c8871
  External correlation Id: 5691778809766898272
  Machine Id:              9QBTK3+iH/u5B9oGmXAlhWTqKU4=
[Licensing::Module] Successfully connected to LicensingClient on channel: "LicenseClient-Goat-6000.3.11" (connect: 0.00s, validation: 0.01s, handshake: 0.16s)
[Licensing::IpcConnector] Successfully connected to: "LicenseClient-Goat-6000.3.11-notifications" at "2026-03-19T15:30:54.5693792Z"
[Licensing::Module] Licensing Background thread has ended after 1.37s
Direct3D:
    Version:  Direct3D 11.0 [level 11.1]
    Renderer: NVIDIA GeForce RTX 3060 Ti (ID=0x2489)
    Vendor:   NVIDIA
    VRAM:     8024 MB
    Driver:   32.0.15.9186
Initialize mono
Mono path[0] = 'E:/Unity/6000.3.11f1/Editor/Data/Managed'
Mono path[1] = 'E:/Unity/6000.3.11f1/Editor/Data/MonoBleedingEdge/lib/mono/unityjit-win32'
Mono config path = 'E:/Unity/6000.3.11f1/Editor/Data/MonoBleedingEdge/etc'
Using monoOptions --debugger-agent=transport=dt_socket,embedding=1,server=y,suspend=n,address=127.0.0.1:56240
Begin MonoManager ReloadAssembly
Registering precompiled unity dll's ...
Register platform support module: E:/Unity/6000.3.11f1/Editor/Data/PlaybackEngines/WindowsStandaloneSupport/UnityEditor.WindowsStandalone.Extensions.dll
[Licensing::Client] Successfully resolved entitlement details
[Licensing::Module] License group:
  Id: F4-6VAQ-RSPE-8B2K-ACW9-XXXX
  Product: Unity Personal
  Type: ULF
  Expiration: Unlimited
[Licensing::Module] License group:
  Id: 4673984417473-UnityPersXXXX
  Product: Unity Personal
  Type: Assigned
  Expiration: Unlimited
Register platform support module: E:/Unity/6000.3.11f1/Editor/Data/PlaybackEngines/AndroidPlayer/UnityEditor.Android.Extensions.dll
Registered in 0.024179 seconds.
- Loaded All Assemblies, in  0.491 seconds
Native extension for Android target not found
Native extension for WindowsStandalone target not found
Package Manager log level set to [2]
[Package Manager] Failed to launch server process. Reason: Unity was launched with the -noUpm command-line argument
[Package Manager] Unable to send message (not connected to server process).
[Package Manager] Cannot connect to Unity Package Manager local server
ScheduleIndexationOnStartup MainProcess:False IndexOnStartup:True
Mono: successfully reloaded assembly
- Finished resetting the current domain, in  0.462 seconds
Domain Reload Profiling: 953ms
	BeginReloadAssembly (173ms)
		ExecutionOrderSort (0ms)
		DisableScriptedObjects (0ms)
		BackupInstance (0ms)
		ReleaseScriptingObjects (0ms)
		CreateAndSetChildDomain (1ms)
	RebuildCommonClasses (43ms)
	RebuildNativeTypeToScriptingClass (14ms)
	initialDomainReloadingComplete (65ms)
	LoadAllAssembliesAndSetupDomain (194ms)
		LoadAssemblies (174ms)
		RebuildTransferFunctionScriptingTraits (0ms)
		AnalyzeDomain (189ms)
			TypeCache.Refresh (188ms)
				TypeCache.ScanAssembly (174ms)
			BuildScriptInfoCaches (0ms)
			ResolveRequiredComponents (0ms)
	FinalizeReload (463ms)
		ReleaseScriptCaches (0ms)
		RebuildScriptCaches (0ms)
		SetupLoadedEditorAssemblies (408ms)
			LogAssemblyErrors (0ms)
			InitializePlatformSupportModulesInManaged (65ms)
			SetLoadedEditorAssemblies (6ms)
			BeforeProcessingInitializeOnLoad (85ms)
			ProcessInitializeOnLoadAttributes (158ms)
			ProcessInitializeOnLoadMethodAttributes (93ms)
			AfterProcessingInitializeOnLoad (0ms)
			EditorAssembliesLoaded (0ms)
		ExecutionOrderSort2 (0ms)
		AwakeInstancesAfterBackupRestoration (0ms)
========================================================================
Worker process is ready to serve import requests
Import Worker Mode flag is 0x00
Begin MonoManager ReloadAssembly
[Licensing::Client] Successfully resolved entitlement details
[Licensing::Module] License group:
  Id: F4-6VAQ-RSPE-8B2K-ACW9-XXXX
  Product: Unity Personal
  Type: ULF
  Expiration: Unlimited
[Licensing::Module] License group:
  Id: 4673984417473-UnityPersXXXX
  Product: Unity Personal
  Type: Assigned
  Expiration: Unlimited
- Loaded All Assemblies, in  0.866 seconds
Refreshing native plugins compatible for Editor in 1.00 ms, found 3 plugins.
Native extension for Android target not found
Native extension for WindowsStandalone target not found
[Package Manager] Failed to launch server process. Reason: Unity was launched with the -noUpm command-line argument
[Package Manager] Unable to send message (not connected to server process).
[Package Manager] Cannot connect to Unity Package Manager local server
[Package Manager] Failed to launch server process. Reason: Unity was launched with the -noUpm command-line argument
[Package Manager] Unable to send message (not connected to server process).
[Package Manager] Cannot connect to Unity Package Manager local server
ScheduleIndexationOnStartup MainProcess:False IndexOnStartup:True
Mono: successfully reloaded assembly
- Finished resetting the current domain, in  0.767 seconds
Domain Reload Profiling: 1633ms
	BeginReloadAssembly (233ms)
		ExecutionOrderSort (0ms)
		DisableScriptedObjects (6ms)
		BackupInstance (0ms)
		ReleaseScriptingObjects (0ms)
		CreateAndSetChildDomain (29ms)
	RebuildCommonClasses (41ms)
	RebuildNativeTypeToScriptingClass (15ms)
	initialDomainReloadingComplete (37ms)
	LoadAllAssembliesAndSetupDomain (539ms)
		LoadAssemblies (393ms)
		RebuildTransferFunctionScriptingTraits (0ms)
		AnalyzeDomain (283ms)
			TypeCache.Refresh (198ms)
				TypeCache.ScanAssembly (180ms)
			BuildScriptInfoCaches (63ms)
			ResolveRequiredComponents (17ms)
	FinalizeReload (768ms)
		ReleaseScriptCaches (0ms)
		RebuildScriptCaches (0ms)
		SetupLoadedEditorAssemblies (557ms)
			LogAssemblyErrors (0ms)
			InitializePlatformSupportModulesInManaged (10ms)
			SetLoadedEditorAssemblies (4ms)
			BeforeProcessingInitializeOnLoad (125ms)
			ProcessInitializeOnLoadAttributes (351ms)
			ProcessInitializeOnLoadMethodAttributes (63ms)
			AfterProcessingInitializeOnLoad (2ms)
			EditorAssembliesLoaded (0ms)
		ExecutionOrderSort2 (0ms)
		AwakeInstancesAfterBackupRestoration (6ms)
Launched and connected shader compiler UnityShaderCompiler.exe after 0.04 seconds
Refreshing native plugins compatible for Editor in 1.12 ms, found 3 plugins.
Preloading 0 native plugins for Editor in 0.00 ms.
Unloading 16 Unused Serialized files (Serialized files now loaded: 0)
Unloading 6184 unused Assets / (4.5 MB). Loaded Objects now: 6983.
Memory consumption went from 145.9 MB to 141.3 MB.
Total: 7.419200 ms (FindLiveObjects: 0.584800 ms CreateObjectMapping: 0.591400 ms MarkObjects: 4.203000 ms  DeleteObjects: 2.038500 ms)

========================================================================
Received Import Request.
  Time since last request: 18183.967578 seconds.
  path: Assets/DeepSpaceSkyboxPack/GalacticGreen/Textures/galacticgreen-back.tif
  artifactKey: Guid(b20eb548526e25d4cab43ed7115f68c6) Importer(2089858483,b0f066a214c2f5e87bad3c948f4d605d)
Start importing Assets/DeepSpaceSkyboxPack/GalacticGreen/Textures/galacticgreen-back.tif using Guid(b20eb548526e25d4cab43ed7115f68c6) Importer(2089858483,b0f066a214c2f5e87bad3c948f4d605d) (ScriptedImporter)[Licensing::Client] Successfully resolved entitlement details
[Licensing::Module] License group:
  Id: F4-6VAQ-RSPE-8B2K-ACW9-XXXX
  Product: Unity Personal
  Type: ULF
  Expiration: Unlimited
[Licensing::Module] License group:
  Id: 4673984417473-UnityPersXXXX
  Product: Unity Personal
  Type: Assigned
  Expiration: Unlimited
 -> (artifact id: 'ee0cf6d0241d52f8b5ecef69abee2cb6') in 0.2244415 seconds
Number of updated asset objects reloaded before import = 0Number of asset objects unloaded after import = 1

========================================================================
Received Import Request.
  Time since last request: 0.000035 seconds.
  path: Assets/DeepSpaceSkyboxPack/GalaxyFire
  artifactKey: Guid(3d242659939deca4cbba19ed800d8d3c) Importer(2089858483,b0f066a214c2f5e87bad3c948f4d605d)
Start importing Assets/DeepSpaceSkyboxPack/GalaxyFire using Guid(3d242659939deca4cbba19ed800d8d3c) Importer(2089858483,b0f066a214c2f5e87bad3c948f4d605d) (ScriptedImporter) -> (artifact id: '2e377e10e6ee60ee00aa8c5210363f6c') in 0.0074582 seconds
Number of updated asset objects reloaded before import = 0Number of asset objects unloaded after import = 1

========================================================================
Received Import Request.
  Time since last request: 0.000067 seconds.
  path: Assets/DeepSpaceSkyboxPack/DiverseSpace/Textures/diversespace-down.tif
  artifactKey: Guid(fa631bed8c5ce2043816f9b7e09bc255) Importer(2089858483,b0f066a214c2f5e87bad3c948f4d605d)
Start importing Assets/DeepSpaceSkyboxPack/DiverseSpace/Textures/diversespace-down.tif using Guid(fa631bed8c5ce2043816f9b7e09bc255) Importer(2089858483,b0f066a214c2f5e87bad3c948f4d605d) (ScriptedImporter) -> (artifact id: '1ca853eda31bde1b8388f6d6dea2a080') in 0.0213095 seconds
Number of updated asset objects reloaded before import = 0Number of asset objects unloaded after import = 1

========================================================================
Received Import Request.
  Time since last request: 0.000022 seconds.
  path: Assets/DeepSpaceSkyboxPack/GalacticGreen/Textures/galacticgreen_right.tif
  artifactKey: Guid(af49956db6ee9f94b9b4300a5b0e9008) Importer(2089858483,b0f066a214c2f5e87bad3c948f4d605d)
Start importing Assets/DeepSpaceSkyboxPack/GalacticGreen/Textures/galacticgreen_right.tif using Guid(af49956db6ee9f94b9b4300a5b0e9008) Importer(2089858483,b0f066a214c2f5e87bad3c948f4d605d) (ScriptedImporter) -> (artifact id: 'd7a1d9fb84bd9d6271644a3adb284ff1') in 0.021427 seconds
Number of updated asset objects reloaded before import = 0Number of asset objects unloaded after import = 1

========================================================================
Received Import Request.
  Time since last request: 0.000027 seconds.
  path: Assets/DeepSpaceSkyboxPack/GalacticGreen
  artifactKey: Guid(d5f3674da32b594499088fd92fac0535) Importer(2089858483,b0f066a214c2f5e87bad3c948f4d605d)
Start importing Assets/DeepSpaceSkyboxPack/GalacticGreen using Guid(d5f3674da32b594499088fd92fac0535) Importer(2089858483,b0f066a214c2f5e87bad3c948f4d605d) (ScriptedImporter) -> (artifact id: '1ed775eac4fec1d574e5101e223b8e40') in 0.0078173 seconds
Number of updated asset objects reloaded before import = 0Number of asset objects unloaded after import = 1

========================================================================
Received Import Request.
  Time since last request: 0.000033 seconds.
  path: Assets/DeepSpaceSkyboxPack/DiverseSpace/Diverse Space Skybox Readme.txt
  artifactKey: Guid(0878d65f7c41c42e5856cbe16888f23f) Importer(2089858483,b0f066a214c2f5e87bad3c948f4d605d)
Start importing Assets/DeepSpaceSkyboxPack/DiverseSpace/Diverse Space Skybox Readme.txt using Guid(0878d65f7c41c42e5856cbe16888f23f) Importer(2089858483,b0f066a214c2f5e87bad3c948f4d605d) (ScriptedImporter) -> (artifact id: 'd92156c159070ee5e047f1c91475f3bb') in 0.0077031 seconds
Number of updated asset objects reloaded before import = 0Number of asset objects unloaded after import = 1

========================================================================
Received Import Request.
  Time since last request: 0.000018 seconds.
  path: Assets/DeepSpaceSkyboxPack/DiverseSpace/Textures/diversespace-front.tif
  artifactKey: Guid(52915f992843f8247b7efd2a65b1b998) Importer(2089858483,b0f066a214c2f5e87bad3c948f4d605d)
Start importing Assets/DeepSpaceSkyboxPack/DiverseSpace/Textures/diversespace-front.tif using Guid(52915f992843f8247b7efd2a65b1b998) Importer(2089858483,b0f066a214c2f5e87bad3c948f4d605d) (ScriptedImporter) -> (artifact id: '7e59d4a8e676ca3c669cf78a8372f02b') in 0.0173994 seconds
Number of updated asset objects reloaded before import = 0Number of asset objects unloaded after import = 1

========================================================================
Received Import Request.
  Time since last request: 0.000017 seconds.
  path: Assets/DeepSpaceSkyboxPack/DiverseSpace/Material
  artifactKey: Guid(cd3c2ae2b7b6b3348a5cd3dc29391984) Importer(2089858483,b0f066a214c2f5e87bad3c948f4d605d)
Start importing Assets/DeepSpaceSkyboxPack/DiverseSpace/Material using Guid(cd3c2ae2b7b6b3348a5cd3dc29391984) Importer(2089858483,b0f066a214c2f5e87bad3c948f4d605d) (ScriptedImporter) -> (artifact id: '768ab006b8620cc1d96d4f79d5e424b8') in 0.0051769 seconds
Number of updated asset objects reloaded before import = 0Number of asset objects unloaded after import = 1

========================================================================
Received Import Request.
  Time since last request: 0.000016 seconds.
  path: Assets/DeepSpaceSkyboxPack/DiverseSpace/Textures/diversespace-right.tif
  artifactKey: Guid(b83ed05e17bb80a4d960bfc607d24c45) Importer(2089858483,b0f066a214c2f5e87bad3c948f4d605d)
Start importing Assets/DeepSpaceSkyboxPack/DiverseSpace/Textures/diversespace-right.tif using Guid(b83ed05e17bb80a4d960bfc607d24c45) Importer(2089858483,b0f066a214c2f5e87bad3c948f4d605d) (ScriptedImporter) -> (artifact id: 'be45af066155c26f162ddad5000e6e31') in 0.0190687 seconds
Number of updated asset objects reloaded before import = 0Number of asset objects unloaded after import = 1

========================================================================
Received Import Request.
  Time since last request: 0.000053 seconds.
  path: Assets/DeepSpaceSkyboxPack/DiverseSpace/Material/DiverseSpaceMaterial.mat
  artifactKey: Guid(a4be220830e90ea4eb88b48b7fd376ce) Importer(2089858483,b0f066a214c2f5e87bad3c948f4d605d)
Start importing Assets/DeepSpaceSkyboxPack/DiverseSpace/Material/DiverseSpaceMaterial.mat using Guid(a4be220830e90ea4eb88b48b7fd376ce) Importer(2089858483,b0f066a214c2f5e87bad3c948f4d605d) (ScriptedImporter) -> (artifact id: 'b97e8024f45d71e692715ef4c35c054e') in 0.0483494 seconds
Number of updated asset objects reloaded before import = 0Number of asset objects unloaded after import = 7

========================================================================
Received Import Request.
  Time since last request: 0.000023 seconds.
  path: Assets/DeepSpaceSkyboxPack/GalacticGreen/Textures
  artifactKey: Guid(5b6d49029a16f1443b71b7585beccd24) Importer(2089858483,b0f066a214c2f5e87bad3c948f4d605d)
Start importing Assets/DeepSpaceSkyboxPack/GalacticGreen/Textures using Guid(5b6d49029a16f1443b71b7585beccd24) Importer(2089858483,b0f066a214c2f5e87bad3c948f4d605d) (ScriptedImporter) -> (artifact id: 'cf6bd99f18489b58be967dee1fb4d505') in 0.0092886 seconds
Number of updated asset objects reloaded before import = 0Number of asset objects unloaded after import = 1

========================================================================
Received Import Request.
  Time since last request: 0.000031 seconds.
  path: Assets/DeepSpaceSkyboxPack/GalacticGreen/Textures/galacticgreen_left.tif
  artifactKey: Guid(484552bdb42439747995db240af61c48) Importer(2089858483,b0f066a214c2f5e87bad3c948f4d605d)
Start importing Assets/DeepSpaceSkyboxPack/GalacticGreen/Textures/galacticgreen_left.tif using Guid(484552bdb42439747995db240af61c48) Importer(2089858483,b0f066a214c2f5e87bad3c948f4d605d) (ScriptedImporter) -> (artifact id: 'aaff1e7e2e55340f30292e7340536840') in 0.015843 seconds
Number of updated asset objects reloaded before import = 0Number of asset objects unloaded after import = 1

========================================================================
Received Import Request.
  Time since last request: 0.000029 seconds.
  path: Assets/DeepSpaceSkyboxPack/GalaxyFire/Textures/back_galaxyfire.tif
  artifactKey: Guid(4bcc09e8d515d584b86b8ec5c19e8b3f) Importer(2089858483,b0f066a214c2f5e87bad3c948f4d605d)
Start importing Assets/DeepSpaceSkyboxPack/GalaxyFire/Textures/back_galaxyfire.tif using Guid(4bcc09e8d515d584b86b8ec5c19e8b3f) Importer(2089858483,b0f066a214c2f5e87bad3c948f4d605d) (ScriptedImporter) -> (artifact id: '0a881915b7cdc109fd7354ca1458cfa6') in 0.0144469 seconds
Number of updated asset objects reloaded before import = 0Number of asset objects unloaded after import = 1

========================================================================
Received Import Request.
  Time since last request: 0.000019 seconds.
  path: Assets/DeepSpaceSkyboxPack/GalaxyFire/Textures/up_galaxyfire.tif
  artifactKey: Guid(e5aaf30e569994d4ab3e49689e74b63f) Importer(2089858483,b0f066a214c2f5e87bad3c948f4d605d)
Start importing Assets/DeepSpaceSkyboxPack/GalaxyFire/Textures/up_galaxyfire.tif using Guid(e5aaf30e569994d4ab3e49689e74b63f) Importer(2089858483,b0f066a214c2f5e87bad3c948f4d605d) (ScriptedImporter) -> (artifact id: 'c0c276360ae81e5749e00e1a12dd421f') in 0.0165502 seconds
Number of updated asset objects reloaded before import = 0Number of asset objects unloaded after import = 1

========================================================================
Received Import Request.
  Time since last request: 0.000032 seconds.
  path: Assets/DeepSpaceSkyboxPack/GalaxyFire/Material
  artifactKey: Guid(ad3c2b10fab60e2419393702e37d5feb) Importer(2089858483,b0f066a214c2f5e87bad3c948f4d605d)
Start importing Assets/DeepSpaceSkyboxPack/GalaxyFire/Material using Guid(ad3c2b10fab60e2419393702e37d5feb) Importer(2089858483,b0f066a214c2f5e87bad3c948f4d605d) (ScriptedImporter) -> (artifact id: 'a9dbcbe3cc24b9c841f50e3868a173ca') in 0.0080069 seconds
Number of updated asset objects reloaded before import = 0Number of asset objects unloaded after import = 1

========================================================================
Received Import Request.
  Time since last request: 22.279254 seconds.
  path: Assets/Art/DeepSpaceSkyboxPack/DiverseSpace/Material
  artifactKey: Guid(cd3c2ae2b7b6b3348a5cd3dc29391984) Importer(2089858483,b0f066a214c2f5e87bad3c948f4d605d)
Start importing Assets/Art/DeepSpaceSkyboxPack/DiverseSpace/Material using Guid(cd3c2ae2b7b6b3348a5cd3dc29391984) Importer(2089858483,b0f066a214c2f5e87bad3c948f4d605d) (ScriptedImporter) -> (artifact id: '468a9af2d5325a41bf465cbd62a6d1f9') in 0.0057979 seconds
Number of updated asset objects reloaded before import = 0Number of asset objects unloaded after import = 1

========================================================================
Received Import Request.
  Time since last request: 0.000013 seconds.
  path: Assets/Art/DeepSpaceSkyboxPack/GalaxyFire
  artifactKey: Guid(3d242659939deca4cbba19ed800d8d3c) Importer(2089858483,b0f066a214c2f5e87bad3c948f4d605d)
Start importing Assets/Art/DeepSpaceSkyboxPack/GalaxyFire using Guid(3d242659939deca4cbba19ed800d8d3c) Importer(2089858483,b0f066a214c2f5e87bad3c948f4d605d) (ScriptedImporter) -> (artifact id: '7b2a99559c150a4b2d4fed171de40130') in 0.0060562 seconds
Number of updated asset objects reloaded before import = 0Number of asset objects unloaded after import = 1

========================================================================
Received Import Request.
  Time since last request: 0.000014 seconds.
  path: Assets/Art/DeepSpaceSkyboxPack/GalaxyFire/Textures
  artifactKey: Guid(a73986c4e20ef3a42988c2ce3c7ed2f0) Importer(2089858483,b0f066a214c2f5e87bad3c948f4d605d)
Start importing Assets/Art/DeepSpaceSkyboxPack/GalaxyFire/Textures using Guid(a73986c4e20ef3a42988c2ce3c7ed2f0) Importer(2089858483,b0f066a214c2f5e87bad3c948f4d605d) (ScriptedImporter) -> (artifact id: '8814918d1eb18e2216e72dc14f23b306') in 0.0068417 seconds
Number of updated asset objects reloaded before import = 0Number of asset objects unloaded after import = 1

========================================================================
Received Import Request.
  Time since last request: 0.000021 seconds.
  path: Assets/Art/DeepSpaceSkyboxPack/GalaxyFire/Textures/right_galaxyfire.tif
  artifactKey: Guid(e85bb475092c7bc40aa16839048d5339) Importer(2089858483,b0f066a214c2f5e87bad3c948f4d605d)
Start importing Assets/Art/DeepSpaceSkyboxPack/GalaxyFire/Textures/right_galaxyfire.tif using Guid(e85bb475092c7bc40aa16839048d5339) Importer(2089858483,b0f066a214c2f5e87bad3c948f4d605d) (ScriptedImporter) -> (artifact id: '79ba310f1e9a546508b745f40627354a') in 0.0162808 seconds
Number of updated asset objects reloaded before import = 0Number of asset objects unloaded after import = 1

========================================================================
Received Import Request.
  Time since last request: 0.000025 seconds.
  path: Assets/Art/DeepSpaceSkyboxPack/GalacticGreen/Textures/galacticgreen_right.tif
  artifactKey: Guid(af49956db6ee9f94b9b4300a5b0e9008) Importer(2089858483,b0f066a214c2f5e87bad3c948f4d605d)
Start importing Assets/Art/DeepSpaceSkyboxPack/GalacticGreen/Textures/galacticgreen_right.tif using Guid(af49956db6ee9f94b9b4300a5b0e9008) Importer(2089858483,b0f066a214c2f5e87bad3c948f4d605d) (ScriptedImporter) -> (artifact id: 'cace3767904a8b75ec0ab5689a669fb4') in 0.0156724 seconds
Number of updated asset objects reloaded before import = 0Number of asset objects unloaded after import = 1

========================================================================
Received Import Request.
  Time since last request: 0.000023 seconds.
  path: Assets/Art/DeepSpaceSkyboxPack/GalaxyFire/Textures/left_galaxyfire.tif
  artifactKey: Guid(34d6675f7f1177449a86d4df11c6bf49) Importer(2089858483,b0f066a214c2f5e87bad3c948f4d605d)
Start importing Assets/Art/DeepSpaceSkyboxPack/GalaxyFire/Textures/left_galaxyfire.tif using Guid(34d6675f7f1177449a86d4df11c6bf49) Importer(2089858483,b0f066a214c2f5e87bad3c948f4d605d) (ScriptedImporter) -> (artifact id: 'f84e769480ed276b19a1cf5b24438ef2') in 0.0160228 seconds
Number of updated asset objects reloaded before import = 0Number of asset objects unloaded after import = 1

========================================================================
Received Import Request.
  Time since last request: 0.000024 seconds.
  path: Assets/Art/DeepSpaceSkyboxPack/GalacticGreen/Galactic Green Skybox Readme.txt
  artifactKey: Guid(eb02bb8cc0a93934b9973a75964dc501) Importer(2089858483,b0f066a214c2f5e87bad3c948f4d605d)
Start importing Assets/Art/DeepSpaceSkyboxPack/GalacticGreen/Galactic Green Skybox Readme.txt using Guid(eb02bb8cc0a93934b9973a75964dc501) Importer(2089858483,b0f066a214c2f5e87bad3c948f4d605d) (ScriptedImporter) -> (artifact id: '0e2ea381dd0a993226daaeb8feb08eef') in 0.0073254 seconds
Number of updated asset objects reloaded before import = 0Number of asset objects unloaded after import = 1

========================================================================
Received Import Request.
  Time since last request: 0.000038 seconds.
  path: Assets/Art/DeepSpaceSkyboxPack/DiverseSpace/Textures/diversespace-back.tif
  artifactKey: Guid(5aaf7cd74552c9440b96748a185216d0) Importer(2089858483,b0f066a214c2f5e87bad3c948f4d605d)
Start importing Assets/Art/DeepSpaceSkyboxPack/DiverseSpace/Textures/diversespace-back.tif using Guid(5aaf7cd74552c9440b96748a185216d0) Importer(2089858483,b0f066a214c2f5e87bad3c948f4d605d) (ScriptedImporter) -> (artifact id: '52ef0e56a520e5a124f8d7d2dc138e9f') in 0.0188565 seconds
Number of updated asset objects reloaded before import = 0Number of asset objects unloaded after import = 1

========================================================================
Received Import Request.
  Time since last request: 0.000037 seconds.
  path: Assets/Art/DeepSpaceSkyboxPack/GalacticGreen/Textures/galacticgreen_down.tif
  artifactKey: Guid(88884f13580cfce4caf6b582ef47bd54) Importer(2089858483,b0f066a214c2f5e87bad3c948f4d605d)
Start importing Assets/Art/DeepSpaceSkyboxPack/GalacticGreen/Textures/galacticgreen_down.tif using Guid(88884f13580cfce4caf6b582ef47bd54) Importer(2089858483,b0f066a214c2f5e87bad3c948f4d605d) (ScriptedImporter) -> (artifact id: '209e4ad1bf197ae3cee828240abc05f2') in 0.0164138 seconds
Number of updated asset objects reloaded before import = 0Number of asset objects unloaded after import = 1

========================================================================
Received Import Request.
  Time since last request: 0.000014 seconds.
  path: Assets/Art/DeepSpaceSkyboxPack/GalaxyFire/Textures/back_galaxyfire.tif
  artifactKey: Guid(4bcc09e8d515d584b86b8ec5c19e8b3f) Importer(2089858483,b0f066a214c2f5e87bad3c948f4d605d)
Start importing Assets/Art/DeepSpaceSkyboxPack/GalaxyFire/Textures/back_galaxyfire.tif using Guid(4bcc09e8d515d584b86b8ec5c19e8b3f) Importer(2089858483,b0f066a214c2f5e87bad3c948f4d605d) (ScriptedImporter) -> (artifact id: 'af654788b2fd276cee29891ff7e34233') in 0.0166782 seconds
Number of updated asset objects reloaded before import = 0Number of asset objects unloaded after import = 1

========================================================================
Received Import Request.
  Time since last request: 0.000019 seconds.
  path: Assets/Art/DeepSpaceSkyboxPack/GalacticGreen/Textures/galacticgreen-front.tif
  artifactKey: Guid(fd076a6dda0fdb942b4954a21b68d4df) Importer(2089858483,b0f066a214c2f5e87bad3c948f4d605d)
Start importing Assets/Art/DeepSpaceSkyboxPack/GalacticGreen/Textures/galacticgreen-front.tif using Guid(fd076a6dda0fdb942b4954a21b68d4df) Importer(2089858483,b0f066a214c2f5e87bad3c948f4d605d) (ScriptedImporter) -> (artifact id: '1ac0c1e7a4a44b7872f01944b1eb4db9') in 0.0176552 seconds
Number of updated asset objects reloaded before import = 0Number of asset objects unloaded after import = 1

========================================================================
Received Import Request.
  Time since last request: 0.000019 seconds.
  path: Assets/Art/DeepSpaceSkyboxPack
  artifactKey: Guid(6f344d75f31535440a9e16e3a217c88e) Importer(2089858483,b0f066a214c2f5e87bad3c948f4d605d)
Start importing Assets/Art/DeepSpaceSkyboxPack using Guid(6f344d75f31535440a9e16e3a217c88e) Importer(2089858483,b0f066a214c2f5e87bad3c948f4d605d) (ScriptedImporter) -> (artifact id: '7f65c8c0c7d7f5aa10dfd811850e77e1') in 0.0083772 seconds
Number of updated asset objects reloaded before import = 0Number of asset objects unloaded after import = 1

========================================================================
Received Import Request.
  Time since last request: 106.157230 seconds.
  path: Assets/Art/Csilla (Clouds 4k).png
  artifactKey: Guid(ee3a2ad89b9bad3409c9108f60d2fc88) Importer(815301076,1909f56bfc062723c751e8b465ee728b)
Start importing Assets/Art/Csilla (Clouds 4k).png using Guid(ee3a2ad89b9bad3409c9108f60d2fc88) Importer(815301076,1909f56bfc062723c751e8b465ee728b) (PreviewImporter) -> (artifact id: '2596d609fc70a7a277252bd291f707c4') in 0.0736986 seconds
Number of updated asset objects reloaded before import = 0Number of asset objects unloaded after import = 2

========================================================================
Received Import Request.
  Time since last request: 0.000031 seconds.
  path: Assets/Art/Csilla (Lights Metropolis 4k).png
  artifactKey: Guid(b9d16cab68b4505408732d942ebab319) Importer(815301076,1909f56bfc062723c751e8b465ee728b)
Start importing Assets/Art/Csilla (Lights Metropolis 4k).png using Guid(b9d16cab68b4505408732d942ebab319) Importer(815301076,1909f56bfc062723c751e8b465ee728b) (PreviewImporter) -> (artifact id: '4c86997bd209238826eeae99fb5d2f2d') in 0.0132109 seconds
Number of updated asset objects reloaded before import = 0Number of asset objects unloaded after import = 2

========================================================================
Received Import Request.
  Time since last request: 0.000028 seconds.
  path: Assets/Art/Csilla (Elevation 4k).png
  artifactKey: Guid(bb551900cc3d592478f8af82abcd0d16) Importer(815301076,1909f56bfc062723c751e8b465ee728b)
Start importing Assets/Art/Csilla (Elevation 4k).png using Guid(bb551900cc3d592478f8af82abcd0d16) Importer(815301076,1909f56bfc062723c751e8b465ee728b) (PreviewImporter) -> (artifact id: 'e793944e06e040ebb5f19170fa3ed926') in 0.0117991 seconds
Number of updated asset objects reloaded before import = 0Number of asset objects unloaded after import = 2

========================================================================
Received Import Request.
  Time since last request: 0.584117 seconds.
  path: Assets/Art/Csilla (Clouds 4k).png
  artifactKey: Guid(ee3a2ad89b9bad3409c9108f60d2fc88) Importer(2089858483,b0f066a214c2f5e87bad3c948f4d605d)
Start importing Assets/Art/Csilla (Clouds 4k).png using Guid(ee3a2ad89b9bad3409c9108f60d2fc88) Importer(2089858483,b0f066a214c2f5e87bad3c948f4d605d) (ScriptedImporter) -> (artifact id: '8cdfd58126f22923af04f24aae566369') in 0.0185997 seconds
Number of updated asset objects reloaded before import = 0Number of asset objects unloaded after import = 1

========================================================================
Received Import Request.
  Time since last request: 0.000021 seconds.
  path: Assets/Art/Csilla (Lights Metropolis 4k).png
  artifactKey: Guid(b9d16cab68b4505408732d942ebab319) Importer(2089858483,b0f066a214c2f5e87bad3c948f4d605d)
Start importing Assets/Art/Csilla (Lights Metropolis 4k).png using Guid(b9d16cab68b4505408732d942ebab319) Importer(2089858483,b0f066a214c2f5e87bad3c948f4d605d) (ScriptedImporter) -> (artifact id: '4ab1c11760afbbf1d4a820f51843f853') in 0.0272106 seconds
Number of updated asset objects reloaded before import = 0Number of asset objects unloaded after import = 1

========================================================================
Received Import Request.
  Time since last request: 0.000024 seconds.
  path: Assets/Art/Csilla (Bump 4k).png
  artifactKey: Guid(25351636b2540dd4a8f073e42f402e24) Importer(2089858483,b0f066a214c2f5e87bad3c948f4d605d)
Start importing Assets/Art/Csilla (Bump 4k).png using Guid(25351636b2540dd4a8f073e42f402e24) Importer(2089858483,b0f066a214c2f5e87bad3c948f4d605d) (ScriptedImporter) -> (artifact id: 'af0caa005396c9af36f17db18aaf7777') in 0.0173105 seconds
Number of updated asset objects reloaded before import = 0Number of asset objects unloaded after import = 1

========================================================================
Received Import Request.
  Time since last request: 28.761464 seconds.
  path: Assets/Art/Csilla Material.mat
  artifactKey: Guid(5fa2e0af818495b4b8fef7750d383d77) Importer(2089858483,b0f066a214c2f5e87bad3c948f4d605d)
Start importing Assets/Art/Csilla Material.mat using Guid(5fa2e0af818495b4b8fef7750d383d77) Importer(2089858483,b0f066a214c2f5e87bad3c948f4d605d) (ScriptedImporter) -> (artifact id: '839b82a22efef413aea40e0b4edf6b4a') in 0.0276777 seconds
Number of updated asset objects reloaded before import = 0Number of asset objects unloaded after import = 1

========================================================================
Received Import Request.
  Time since last request: 495.762470 seconds.
  path: Assets/Art/Planet_Csilla/Textures/Csilla (Bump 4k).png
  artifactKey: Guid(25351636b2540dd4a8f073e42f402e24) Importer(2089858483,b0f066a214c2f5e87bad3c948f4d605d)
Start importing Assets/Art/Planet_Csilla/Textures/Csilla (Bump 4k).png using Guid(25351636b2540dd4a8f073e42f402e24) Importer(2089858483,b0f066a214c2f5e87bad3c948f4d605d) (ScriptedImporter) -> (artifact id: 'da411ababaf706f94d083236044cbafd') in 0.0252775 seconds
Number of updated asset objects reloaded before import = 0Number of asset objects unloaded after import = 1

========================================================================
Received Import Request.
  Time since last request: 0.000028 seconds.
  path: Assets/Art/Planet_Csilla/Textures/Csilla (Lights Metropolis 4k).png
  artifactKey: Guid(b9d16cab68b4505408732d942ebab319) Importer(2089858483,b0f066a214c2f5e87bad3c948f4d605d)
Start importing Assets/Art/Planet_Csilla/Textures/Csilla (Lights Metropolis 4k).png using Guid(b9d16cab68b4505408732d942ebab319) Importer(2089858483,b0f066a214c2f5e87bad3c948f4d605d) (ScriptedImporter) -> (artifact id: 'c9bfd46b0dcb2d246e7b6edd3afb0979') in 0.0113021 seconds
Number of updated asset objects reloaded before import = 0Number of asset objects unloaded after import = 1

========================================================================
Received Import Request.
  Time since last request: 0.000024 seconds.
  path: Assets/Art/Planet_Csilla/Textures/Csilla (Roughness 4k).png
  artifactKey: Guid(41b5a5ad7cb90124c8e67f3be3648c16) Importer(2089858483,b0f066a214c2f5e87bad3c948f4d605d)
Start importing Assets/Art/Planet_Csilla/Textures/Csilla (Roughness 4k).png using Guid(41b5a5ad7cb90124c8e67f3be3648c16) Importer(2089858483,b0f066a214c2f5e87bad3c948f4d605d) (ScriptedImporter) -> (artifact id: 'f36ac945a6a07aa886bef3a60a4bbed6') in 0.0148233 seconds
Number of updated asset objects reloaded before import = 0Number of asset objects unloaded after import = 1

========================================================================
Received Import Request.
  Time since last request: 12.883610 seconds.
  path: Assets/Art/DeepSpaceSkyboxPack/GalaxyFire/Textures/front_galaxyfire.tif
  artifactKey: Guid(f689d46fa2a6e254abad7c15b73c3f4a) Importer(815301076,1909f56bfc062723c751e8b465ee728b)
Start importing Assets/Art/DeepSpaceSkyboxPack/GalaxyFire/Textures/front_galaxyfire.tif using Guid(f689d46fa2a6e254abad7c15b73c3f4a) Importer(815301076,1909f56bfc062723c751e8b465ee728b) (PreviewImporter) -> (artifact id: '50fc9d0b49a4830eb55e1530e88cdbdc') in 0.0122217 seconds
Number of updated asset objects reloaded before import = 0Number of asset objects unloaded after import = 2

========================================================================
Received Import Request.
  Time since last request: 0.000039 seconds.
  path: Assets/Art/DeepSpaceSkyboxPack/GalaxyFire/Textures/left_galaxyfire.tif
  artifactKey: Guid(34d6675f7f1177449a86d4df11c6bf49) Importer(815301076,1909f56bfc062723c751e8b465ee728b)
Start importing Assets/Art/DeepSpaceSkyboxPack/GalaxyFire/Textures/left_galaxyfire.tif using Guid(34d6675f7f1177449a86d4df11c6bf49) Importer(815301076,1909f56bfc062723c751e8b465ee728b) (PreviewImporter) -> (artifact id: '9beca588d6cfa66eb4827afc6520f34a') in 0.0098139 seconds
Number of updated asset objects reloaded before import = 0Number of asset objects unloaded after import = 2

Editor requested this worker to shutdown with reason: Scaling down because of idle timeout
AssetImportWorker is now disconnected from the server
Process exiting
Exiting without the bug reporter. Application will terminate with return code 0