[Licensing::Module] Trying to connect to existing licensing client channel...
Built from '6000.3/staging' branch; Version is '6000.3.11f1 (3000ef702840) revision 3145967'; Using compiler version '194234433'; Build Type 'Release'
OS: 'Windows 11  (10.0.26200) Professional' Language: 'en' Physical Memory: 32592 MB
BatchMode: 1, IsHumanControllingUs: 0, StartBugReporterOnCrash: 0, Is64bit: 1
System  architecture: x64
Process architecture: x64
Date: 2026-03-19T16:01:20Z
[Licensing::IpcConnector] Successfully connected to: "LicenseClient-Goat" at "2026-03-19T16:01:20.600391Z"

COMMAND LINE ARGUMENTS:
E:\Unity\6000.3.11f1\Editor\Unity.exe
-adb2
-batchMode
-noUpm
-name
AssetImportWorker4
-projectPath
E:/Programming/SolarSystem
-logFile
Logs/AssetImportWorker4.log
-srvPort
57840
-job-worker-count
5
-background-job-worker-count
8
-gc-helper-count
1
-name
AssetImport
Successfully changed project path to: E:/Programming/SolarSystem
E:/Programming/SolarSystem
[UnityMemory] Configuration Parameters - Can be set up in boot.config
    "memorysetup-temp-allocator-size-nav-mesh-worker=65536"
    "memorysetup-temp-allocator-size-audio-worker=65536"
    "memorysetup-temp-allocator-size-gfx=262144"
    "memorysetup-allocator-temp-initial-block-size-main=262144"
    "memorysetup-allocator-temp-initial-block-size-worker=262144"
    "memorysetup-temp-allocator-size-background-worker=32768"
    "memorysetup-temp-allocator-size-job-worker=262144"
    "memorysetup-temp-allocator-size-preload-manager=33554432"
    "memorysetup-temp-allocator-size-gi-baking-worker=262144"
    "memorysetup-temp-allocator-size-gi-baking-worker=262144"
    "memorysetup-temp-allocator-size-gi-baking-worker=262144"
    "memorysetup-temp-allocator-size-gi-baking-worker=262144"
    "memorysetup-temp-allocator-size-gi-baking-worker=262144"
    "memorysetup-bucket-allocator-granularity=16"
    "memorysetup-bucket-allocator-bucket-count=8"
    "memorysetup-bucket-allocator-block-size=33554432"
    "memorysetup-bucket-allocator-block-count=8"
    "memorysetup-main-allocator-block-size=16777216"
    "memorysetup-thread-allocator-block-size=16777216"
    "memorysetup-gfx-main-allocator-block-size=16777216"
    "memorysetup-gfx-thread-allocator-block-size=16777216"
    "memorysetup-cache-allocator-block-size=4194304"
    "memorysetup-typetree-allocator-block-size=2097152"
    "memorysetup-profiler-bucket-allocator-granularity=16"
    "memorysetup-profiler-bucket-allocator-bucket-count=8"
    "memorysetup-profiler-bucket-allocator-block-size=33554432"
    "memorysetup-profiler-bucket-allocator-block-count=8"
    "memorysetup-profiler-allocator-block-size=16777216"
    "memorysetup-profiler-editor-allocator-block-size=1048576"
    "memorysetup-temp-allocator-size-main=16777216"
    "memorysetup-job-temp-allocator-block-size=2097152"
    "memorysetup-job-temp-allocator-block-size-background=1048576"
    "memorysetup-job-temp-allocator-reduction-small-platforms=262144"
    "memorysetup-temp-allocator-size-cloud-worker=32768"
Player connection [5140]  Target information:

Player connection [5140]  * "[IP] 192.168.0.91 [Port] 0 [Flags] 2 [Guid] 1578913183 [EditorId] 1578913183 [Version] 1048832 [Id] WindowsEditor(7,Goat) [Debug] 1 [PackageName] WindowsEditor [ProjectName] Editor" 

Player connection [5140] Host joined multi-casting on [225.0.0.222:54997]...
Player connection [5140] Host joined alternative multi-casting on [225.0.0.222:34997]...
JobSystem: Creating JobQueue using job-worker-count value 5
Input System module state changed to: Initialized.
[Physics::Module] Initialized fallback backend.
[Physics::Module] Id: 0xdecafbad
Library Redirect Path: Library/
[Physics::Module] Selected backend.
[Physics::Module] Name: PhysX
[Physics::Module] Id: 0xf2b8ea05
[Physics::Module] SDK Version: 4.1.2
[Physics::Module] Integration Version: 1.0.0
[Physics::Module] Threading Mode: Multi-Threaded
Refreshing native plugins compatible for Editor in 3.62 ms, found 3 plugins.
Preloading 0 native plugins for Editor in 0.00 ms.
Initialize engine version: 6000.3.11f1 (3000ef702840)
[Subsystems] Discovering subsystems at path E:/Unity/6000.3.11f1/Editor/Data/Resources/UnitySubsystems
[Subsystems] Discovering subsystems at path E:/Programming/SolarSystem/Assets
GfxDevice: creating device client; kGfxThreadingModeNonThreaded
[Licensing::Client] Error: HandshakeResponse reported an error:
	ResponseCode: 505
	ResponseStatus: Unsupported protocol version '1.18.0'.
[Licensing::Module] Error: Failed to handshake to channel: "LicenseClient-Goat"
[Licensing::IpcConnector] LicenseClient-Goat channel disconnected successfully.
[Licensing::IpcConnector] Successfully connected to: "LicenseClient-Goat-6000.3.11" at "2026-03-19T16:01:22.2445307Z"
Direct3D:
    Version:  Direct3D 11.0 [level 11.1]
    Renderer: NVIDIA GeForce RTX 3060 Ti (ID=0x2489)
    Vendor:   NVIDIA
    VRAM:     8024 MB
    Driver:   32.0.15.9186
Initialize mono
Mono path[0] = 'E:/Unity/6000.3.11f1/Editor/Data/Managed'
Mono path[1] = 'E:/Unity/6000.3.11f1/Editor/Data/MonoBleedingEdge/lib/mono/unityjit-win32'
Mono config path = 'E:/Unity/6000.3.11f1/Editor/Data/MonoBleedingEdge/etc'
Using monoOptions --debugger-agent=transport=dt_socket,embedding=1,server=y,suspend=n,address=127.0.0.1:56620
[Licensing::Client] Handshaking with LicensingClient:
  Version:                 1.18.0+23225a6
  Session Id:              1e22da9dc53c47bbb7de266a8d26e639
  Correlation Id:          2a239129cf9526c090d7b60f6f1c8871
  External correlation Id: 834562116984262413
  Machine Id:              9QBTK3+iH/u5B9oGmXAlhWTqKU4=
[Licensing::Module] Successfully connected to LicensingClient on channel: "LicenseClient-Goat-6000.3.11" (connect: 0.00s, validation: 0.01s, handshake: 0.13s)
[Licensing::IpcConnector] Successfully connected to: "LicenseClient-Goat-6000.3.11-notifications" at "2026-03-19T16:01:22.3905602Z"
[Licensing::Module] Licensing Background thread has ended after 1.79s
Begin MonoManager ReloadAssembly
Registering precompiled unity dll's ...
Register platform support module: E:/Unity/6000.3.11f1/Editor/Data/PlaybackEngines/WindowsStandaloneSupport/UnityEditor.WindowsStandalone.Extensions.dll
[Licensing::Client] Successfully resolved entitlement details
[Licensing::Module] License group:
  Id: F4-6VAQ-RSPE-8B2K-ACW9-XXXX
  Product: Unity Personal
  Type: ULF
  Expiration: Unlimited
[Licensing::Module] License group:
  Id: 4673984417473-UnityPersXXXX
  Product: Unity Personal
  Type: Assigned
  Expiration: Unlimited
Register platform support module: E:/Unity/6000.3.11f1/Editor/Data/PlaybackEngines/AndroidPlayer/UnityEditor.Android.Extensions.dll
Registered in 0.019022 seconds.
- Loaded All Assemblies, in  0.493 seconds
Native extension for Android target not found
Native extension for WindowsStandalone target not found
Package Manager log level set to [2]
[Package Manager] Failed to launch server process. Reason: Unity was launched with the -noUpm command-line argument
[Package Manager] Unable to send message (not connected to server process).
[Package Manager] Cannot connect to Unity Package Manager local server
ScheduleIndexationOnStartup MainProcess:False IndexOnStartup:True
Mono: successfully reloaded assembly
- Finished resetting the current domain, in  0.453 seconds
Domain Reload Profiling: 946ms
	BeginReloadAssembly (178ms)
		ExecutionOrderSort (0ms)
		DisableScriptedObjects (0ms)
		BackupInstance (0ms)
		ReleaseScriptingObjects (0ms)
		CreateAndSetChildDomain (1ms)
	RebuildCommonClasses (41ms)
	RebuildNativeTypeToScriptingClass (14ms)
	initialDomainReloadingComplete (60ms)
	LoadAllAssembliesAndSetupDomain (200ms)
		LoadAssemblies (179ms)
		RebuildTransferFunctionScriptingTraits (0ms)
		AnalyzeDomain (195ms)
			TypeCache.Refresh (193ms)
				TypeCache.ScanAssembly (179ms)
			BuildScriptInfoCaches (0ms)
			ResolveRequiredComponents (0ms)
	FinalizeReload (453ms)
		ReleaseScriptCaches (0ms)
		RebuildScriptCaches (0ms)
		SetupLoadedEditorAssemblies (401ms)
			LogAssemblyErrors (0ms)
			InitializePlatformSupportModulesInManaged (66ms)
			SetLoadedEditorAssemblies (4ms)
			BeforeProcessingInitializeOnLoad (89ms)
			ProcessInitializeOnLoadAttributes (150ms)
			ProcessInitializeOnLoadMethodAttributes (91ms)
			AfterProcessingInitializeOnLoad (0ms)
			EditorAssembliesLoaded (0ms)
		ExecutionOrderSort2 (0ms)
		AwakeInstancesAfterBackupRestoration (0ms)
========================================================================
Worker process is ready to serve import requests
Import Worker Mode flag is 0x00
Begin MonoManager ReloadAssembly
[Licensing::Client] Successfully resolved entitlement details
[Licensing::Module] License group:
  Id: F4-6VAQ-RSPE-8B2K-ACW9-XXXX
  Product: Unity Personal
  Type: ULF
  Expiration: Unlimited
[Licensing::Module] License group:
  Id: 4673984417473-UnityPersXXXX
  Product: Unity Personal
  Type: Assigned
  Expiration: Unlimited
- Loaded All Assemblies, in  0.891 seconds
Refreshing native plugins compatible for Editor in 1.01 ms, found 3 plugins.
Native extension for Android target not found
Native extension for WindowsStandalone target not found
[Package Manager] Failed to launch server process. Reason: Unity was launched with the -noUpm command-line argument
[Package Manager] Unable to send message (not connected to server process).
[Package Manager] Cannot connect to Unity Package Manager local server
[Package Manager] Failed to launch server process. Reason: Unity was launched with the -noUpm command-line argument
[Package Manager] Unable to send message (not connected to server process).
[Package Manager] Cannot connect to Unity Package Manager local server
ScheduleIndexationOnStartup MainProcess:False IndexOnStartup:True
Mono: successfully reloaded assembly
- Finished resetting the current domain, in  0.763 seconds
Domain Reload Profiling: 1653ms
	BeginReloadAssembly (241ms)
		ExecutionOrderSort (0ms)
		DisableScriptedObjects (6ms)
		BackupInstance (0ms)
		ReleaseScriptingObjects (0ms)
		CreateAndSetChildDomain (30ms)
	RebuildCommonClasses (40ms)
	RebuildNativeTypeToScriptingClass (13ms)
	initialDomainReloadingComplete (37ms)
	LoadAllAssembliesAndSetupDomain (558ms)
		LoadAssemblies (417ms)
		RebuildTransferFunctionScriptingTraits (0ms)
		AnalyzeDomain (289ms)
			TypeCache.Refresh (208ms)
				TypeCache.ScanAssembly (189ms)
			BuildScriptInfoCaches (65ms)
			ResolveRequiredComponents (12ms)
	FinalizeReload (763ms)
		ReleaseScriptCaches (0ms)
		RebuildScriptCaches (0ms)
		SetupLoadedEditorAssemblies (546ms)
			LogAssemblyErrors (0ms)
			InitializePlatformSupportModulesInManaged (8ms)
			SetLoadedEditorAssemblies (5ms)
			BeforeProcessingInitializeOnLoad (127ms)
			ProcessInitializeOnLoadAttributes (339ms)
			ProcessInitializeOnLoadMethodAttributes (63ms)
			AfterProcessingInitializeOnLoad (3ms)
			EditorAssembliesLoaded (0ms)
		ExecutionOrderSort2 (0ms)
		AwakeInstancesAfterBackupRestoration (6ms)
Launched and connected shader compiler UnityShaderCompiler.exe after 0.04 seconds
Refreshing native plugins compatible for Editor in 1.05 ms, found 3 plugins.
Preloading 0 native plugins for Editor in 0.00 ms.
Unloading 16 Unused Serialized files (Serialized files now loaded: 0)
Unloading 6184 unused Assets / (4.4 MB). Loaded Objects now: 6983.
Memory consumption went from 145.7 MB to 141.3 MB.
Total: 6.720200 ms (FindLiveObjects: 0.568900 ms CreateObjectMapping: 0.486400 ms MarkObjects: 3.929000 ms  DeleteObjects: 1.734800 ms)

========================================================================
Received Import Request.
  Time since last request: 18192.027629 seconds.
  path: Assets
  artifactKey: Guid(00000000000000001000000000000000) Importer(815301076,1909f56bfc062723c751e8b465ee728b)
Start importing Assets using Guid(00000000000000001000000000000000) Importer(815301076,1909f56bfc062723c751e8b465ee728b) (PreviewImporter) -> (artifact id: 'c391582d739b6e62a5220f35cbb167ac') in 0.0061317 seconds
Number of updated asset objects reloaded before import = 0Number of asset objects unloaded after import = 0

========================================================================
Received Import Request.
  Time since last request: 4.846665 seconds.
  path: Assets/Art
  artifactKey: Guid(1c9c48d5b7074284393358a1e47352c7) Importer(815301076,1909f56bfc062723c751e8b465ee728b)
Start importing Assets/Art using Guid(1c9c48d5b7074284393358a1e47352c7) Importer(815301076,1909f56bfc062723c751e8b465ee728b) (PreviewImporter) -> (artifact id: '951fe60bda09de071dde73d99e128579') in 0.0006864 seconds
Number of updated asset objects reloaded before import = 0Number of asset objects unloaded after import = 0

========================================================================
Received Import Request.
  Time since last request: 0.901545 seconds.
  path: Assets/Art
  artifactKey: Guid(1c9c48d5b7074284393358a1e47352c7) Importer(2089858483,b0f066a214c2f5e87bad3c948f4d605d)
Start importing Assets/Art using Guid(1c9c48d5b7074284393358a1e47352c7) Importer(2089858483,b0f066a214c2f5e87bad3c948f4d605d) (ScriptedImporter) -> (artifact id: '3eb61a33aae1b1cd7cd5e813aaf028a6') in 0.0436914 seconds
Number of updated asset objects reloaded before import = 0Number of asset objects unloaded after import = 1

========================================================================
Received Import Request.
  Time since last request: 6.298124 seconds.
  path: Assets/Scripts
  artifactKey: Guid(f09dee07b4d3dce4cbd91103b7cec02b) Importer(815301076,1909f56bfc062723c751e8b465ee728b)
Start importing Assets/Scripts using Guid(f09dee07b4d3dce4cbd91103b7cec02b) Importer(815301076,1909f56bfc062723c751e8b465ee728b) (PreviewImporter) -> (artifact id: '6f12d8329f7295ef901b2397e6c90874') in 0.0007254 seconds
Number of updated asset objects reloaded before import = 0Number of asset objects unloaded after import = 0

========================================================================
Received Import Request.
  Time since last request: 0.901555 seconds.
  path: Assets/Scripts
  artifactKey: Guid(f09dee07b4d3dce4cbd91103b7cec02b) Importer(2089858483,b0f066a214c2f5e87bad3c948f4d605d)
Start importing Assets/Scripts using Guid(f09dee07b4d3dce4cbd91103b7cec02b) Importer(2089858483,b0f066a214c2f5e87bad3c948f4d605d) (ScriptedImporter) -> (artifact id: '23338f7ac0e440ec562a8740127e7da9') in 0.0053506 seconds
Number of updated asset objects reloaded before import = 0Number of asset objects unloaded after import = 1

========================================================================
Received Import Request.
  Time since last request: 0.580532 seconds.
  path: Assets/DeepSpaceSkyboxPack
  artifactKey: Guid(6f344d75f31535440a9e16e3a217c88e) Importer(815301076,1909f56bfc062723c751e8b465ee728b)
Start importing Assets/DeepSpaceSkyboxPack using Guid(6f344d75f31535440a9e16e3a217c88e) Importer(815301076,1909f56bfc062723c751e8b465ee728b) (PreviewImporter) -> (artifact id: 'e7a2edae00daad3ee9341affa21e2e9d') in 0.0009091 seconds
Number of updated asset objects reloaded before import = 0Number of asset objects unloaded after import = 0

========================================================================
Received Import Request.
  Time since last request: 1.835372 seconds.
  path: Assets/Art/DeepSpaceSkyboxPack/DiverseSpace
  artifactKey: Guid(852f40834f2daa148bafbce9d517d3ee) Importer(2089858483,b0f066a214c2f5e87bad3c948f4d605d)
Start importing Assets/Art/DeepSpaceSkyboxPack/DiverseSpace using Guid(852f40834f2daa148bafbce9d517d3ee) Importer(2089858483,b0f066a214c2f5e87bad3c948f4d605d) (ScriptedImporter) -> (artifact id: 'ab52198f7b44e4ef8daae10e4e3dda24') in 0.0057156 seconds
Number of updated asset objects reloaded before import = 0Number of asset objects unloaded after import = 1

========================================================================
Received Import Request.
  Time since last request: 0.000018 seconds.
  path: Assets/Art/DeepSpaceSkyboxPack/GalaxyFire/Galaxy Fire Skybox Readme.txt
  artifactKey: Guid(469e99eb77f6842e7bad673f0d1215bf) Importer(2089858483,b0f066a214c2f5e87bad3c948f4d605d)
Start importing Assets/Art/DeepSpaceSkyboxPack/GalaxyFire/Galaxy Fire Skybox Readme.txt using Guid(469e99eb77f6842e7bad673f0d1215bf) Importer(2089858483,b0f066a214c2f5e87bad3c948f4d605d) (ScriptedImporter) -> (artifact id: '134dce447424343b4d790d9b7258e7ba') in 0.0259886 seconds
Number of updated asset objects reloaded before import = 0Number of asset objects unloaded after import = 1

========================================================================
Received Import Request.
  Time since last request: 0.000041 seconds.
  path: Assets/Art/DeepSpaceSkyboxPack/DiverseSpace/Textures
  artifactKey: Guid(7edb97439e6252d4ba4eceda525fe495) Importer(2089858483,b0f066a214c2f5e87bad3c948f4d605d)
Start importing Assets/Art/DeepSpaceSkyboxPack/DiverseSpace/Textures using Guid(7edb97439e6252d4ba4eceda525fe495) Importer(2089858483,b0f066a214c2f5e87bad3c948f4d605d) (ScriptedImporter) -> (artifact id: '51b41d002215842e6043c049da561e41') in 0.0061004 seconds
Number of updated asset objects reloaded before import = 0Number of asset objects unloaded after import = 1

========================================================================
Received Import Request.
  Time since last request: 0.000039 seconds.
  path: Assets/Art/DeepSpaceSkyboxPack/GalacticGreen/Material/GalacticGreenMaterial.mat
  artifactKey: Guid(42eaf2c5dbb13dc498f15df5a5b05fda) Importer(2089858483,b0f066a214c2f5e87bad3c948f4d605d)
Start importing Assets/Art/DeepSpaceSkyboxPack/GalacticGreen/Material/GalacticGreenMaterial.mat using Guid(42eaf2c5dbb13dc498f15df5a5b05fda) Importer(2089858483,b0f066a214c2f5e87bad3c948f4d605d) (ScriptedImporter) -> (artifact id: '63739080cc58e94335faaad42720f8ad') in 0.0734283 seconds
Number of updated asset objects reloaded before import = 0Number of asset objects unloaded after import = 7

========================================================================
Received Import Request.
  Time since last request: 0.000017 seconds.
  path: Assets/Art/DeepSpaceSkyboxPack/DiverseSpace/Textures/diversespace-front.tif
  artifactKey: Guid(52915f992843f8247b7efd2a65b1b998) Importer(2089858483,b0f066a214c2f5e87bad3c948f4d605d)
Start importing Assets/Art/DeepSpaceSkyboxPack/DiverseSpace/Textures/diversespace-front.tif using Guid(52915f992843f8247b7efd2a65b1b998) Importer(2089858483,b0f066a214c2f5e87bad3c948f4d605d) (ScriptedImporter) -> (artifact id: 'd06c6bfd8fc12695154a7e269cd7eb1e') in 0.0685944 seconds
Number of updated asset objects reloaded before import = 0Number of asset objects unloaded after import = 1

========================================================================
Received Import Request.
  Time since last request: 0.000023 seconds.
  path: Assets/Art/DeepSpaceSkyboxPack/DiverseSpace/Material/DiverseSpaceMaterial.mat
  artifactKey: Guid(a4be220830e90ea4eb88b48b7fd376ce) Importer(2089858483,b0f066a214c2f5e87bad3c948f4d605d)
Start importing Assets/Art/DeepSpaceSkyboxPack/DiverseSpace/Material/DiverseSpaceMaterial.mat using Guid(a4be220830e90ea4eb88b48b7fd376ce) Importer(2089858483,b0f066a214c2f5e87bad3c948f4d605d) (ScriptedImporter) -> (artifact id: '2bd528b0c8a992b72166d2df6d3c966d') in 0.0237869 seconds
Number of updated asset objects reloaded before import = 0Number of asset objects unloaded after import = 7

========================================================================
Received Import Request.
  Time since last request: 0.000030 seconds.
  path: Assets/Art/DeepSpaceSkyboxPack/GalacticGreen/Textures/galacticgreen_left.tif
  artifactKey: Guid(484552bdb42439747995db240af61c48) Importer(2089858483,b0f066a214c2f5e87bad3c948f4d605d)
Start importing Assets/Art/DeepSpaceSkyboxPack/GalacticGreen/Textures/galacticgreen_left.tif using Guid(484552bdb42439747995db240af61c48) Importer(2089858483,b0f066a214c2f5e87bad3c948f4d605d) (ScriptedImporter) -> (artifact id: '177b3a8e24472812deab6e42305adbee') in 0.0203951 seconds
Number of updated asset objects reloaded before import = 0Number of asset objects unloaded after import = 1

========================================================================
Received Import Request.
  Time since last request: 0.000018 seconds.
  path: Assets/Art/DeepSpaceSkyboxPack/GalacticGreen/Textures/galacticgreen-back.tif
  artifactKey: Guid(b20eb548526e25d4cab43ed7115f68c6) Importer(2089858483,b0f066a214c2f5e87bad3c948f4d605d)
Start importing Assets/Art/DeepSpaceSkyboxPack/GalacticGreen/Textures/galacticgreen-back.tif using Guid(b20eb548526e25d4cab43ed7115f68c6) Importer(2089858483,b0f066a214c2f5e87bad3c948f4d605d) (ScriptedImporter) -> (artifact id: '1cbb26034c37a38dc699aa6519f405c9') in 0.0128503 seconds
Number of updated asset objects reloaded before import = 0Number of asset objects unloaded after import = 1

========================================================================
Received Import Request.
  Time since last request: 0.000017 seconds.
  path: Assets/Art/DeepSpaceSkyboxPack/GalaxyFire/Textures/up_galaxyfire.tif
  artifactKey: Guid(e5aaf30e569994d4ab3e49689e74b63f) Importer(2089858483,b0f066a214c2f5e87bad3c948f4d605d)
Start importing Assets/Art/DeepSpaceSkyboxPack/GalaxyFire/Textures/up_galaxyfire.tif using Guid(e5aaf30e569994d4ab3e49689e74b63f) Importer(2089858483,b0f066a214c2f5e87bad3c948f4d605d) (ScriptedImporter) -> (artifact id: '1b094a94ca5bec6333895a4d6c064517') in 0.0183888 seconds
Number of updated asset objects reloaded before import = 0Number of asset objects unloaded after import = 1

========================================================================
Received Import Request.
  Time since last request: 0.000039 seconds.
  path: Assets/Art/DeepSpaceSkyboxPack/GalaxyFire/Material
  artifactKey: Guid(ad3c2b10fab60e2419393702e37d5feb) Importer(2089858483,b0f066a214c2f5e87bad3c948f4d605d)
Start importing Assets/Art/DeepSpaceSkyboxPack/GalaxyFire/Material using Guid(ad3c2b10fab60e2419393702e37d5feb) Importer(2089858483,b0f066a214c2f5e87bad3c948f4d605d) (ScriptedImporter) -> (artifact id: '8a0514ade07594eb06b4851f920c6e7d') in 0.0054307 seconds
Number of updated asset objects reloaded before import = 0Number of asset objects unloaded after import = 1

========================================================================
Received Import Request.
  Time since last request: 5.362130 seconds.
  path: Assets/Prefabs
  artifactKey: Guid(1aa453e25e0ed2446bc7865d33ddb365) Importer(815301076,1909f56bfc062723c751e8b465ee728b)
Start importing Assets/Prefabs using Guid(1aa453e25e0ed2446bc7865d33ddb365) Importer(815301076,1909f56bfc062723c751e8b465ee728b) (PreviewImporter) -> (artifact id: '031941fda57686c20448b23f32da71b3') in 0.000625 seconds
Number of updated asset objects reloaded before import = 0Number of asset objects unloaded after import = 0

========================================================================
Received Import Request.
  Time since last request: 0.899257 seconds.
  path: Assets/Prefabs
  artifactKey: Guid(1aa453e25e0ed2446bc7865d33ddb365) Importer(2089858483,b0f066a214c2f5e87bad3c948f4d605d)
Start importing Assets/Prefabs using Guid(1aa453e25e0ed2446bc7865d33ddb365) Importer(2089858483,b0f066a214c2f5e87bad3c948f4d605d) (ScriptedImporter) -> (artifact id: '29f219f79a29ecad21655deef47f3af0') in 0.0056918 seconds
Number of updated asset objects reloaded before import = 0Number of asset objects unloaded after import = 1

========================================================================
Received Import Request.
  Time since last request: 99.778121 seconds.
  path: Assets/Art/Csilla (Bump 4k).png
  artifactKey: Guid(25351636b2540dd4a8f073e42f402e24) Importer(815301076,1909f56bfc062723c751e8b465ee728b)
Start importing Assets/Art/Csilla (Bump 4k).png using Guid(25351636b2540dd4a8f073e42f402e24) Importer(815301076,1909f56bfc062723c751e8b465ee728b) (PreviewImporter) -> (artifact id: '92cd2c2aa7c3c90a3459654449817d9e') in 0.0694663 seconds
Number of updated asset objects reloaded before import = 0Number of asset objects unloaded after import = 2

========================================================================
Received Import Request.
  Time since last request: 0.000024 seconds.
  path: Assets/Art/Csilla (Roughness 4k).png
  artifactKey: Guid(41b5a5ad7cb90124c8e67f3be3648c16) Importer(815301076,1909f56bfc062723c751e8b465ee728b)
Start importing Assets/Art/Csilla (Roughness 4k).png using Guid(41b5a5ad7cb90124c8e67f3be3648c16) Importer(815301076,1909f56bfc062723c751e8b465ee728b) (PreviewImporter) -> (artifact id: '4166c168de05860c23dd07ec7107057a') in 0.0122191 seconds
Number of updated asset objects reloaded before import = 0Number of asset objects unloaded after import = 2

========================================================================
Received Import Request.
  Time since last request: 0.000038 seconds.
  path: Assets/Art/Csilla (Diffuse 4k).png
  artifactKey: Guid(66cb647b965b69d4d945f11f20397abb) Importer(815301076,1909f56bfc062723c751e8b465ee728b)
Start importing Assets/Art/Csilla (Diffuse 4k).png using Guid(66cb647b965b69d4d945f11f20397abb) Importer(815301076,1909f56bfc062723c751e8b465ee728b) (PreviewImporter) -> (artifact id: '91ec9915c6f2a8d9829e243d541e6279') in 0.0124393 seconds
Number of updated asset objects reloaded before import = 0Number of asset objects unloaded after import = 2

========================================================================
Received Import Request.
  Time since last request: 0.586832 seconds.
  path: Assets/Art/Csilla (Roughness 4k).png
  artifactKey: Guid(41b5a5ad7cb90124c8e67f3be3648c16) Importer(2089858483,b0f066a214c2f5e87bad3c948f4d605d)
Start importing Assets/Art/Csilla (Roughness 4k).png using Guid(41b5a5ad7cb90124c8e67f3be3648c16) Importer(2089858483,b0f066a214c2f5e87bad3c948f4d605d) (ScriptedImporter) -> (artifact id: '30a29a40cf8256d175f5ce94b1ef0380') in 0.0183986 seconds
Number of updated asset objects reloaded before import = 0Number of asset objects unloaded after import = 1

========================================================================
Received Import Request.
  Time since last request: 0.000018 seconds.
  path: Assets/Art/Csilla (Diffuse 4k).png
  artifactKey: Guid(66cb647b965b69d4d945f11f20397abb) Importer(2089858483,b0f066a214c2f5e87bad3c948f4d605d)
Start importing Assets/Art/Csilla (Diffuse 4k).png using Guid(66cb647b965b69d4d945f11f20397abb) Importer(2089858483,b0f066a214c2f5e87bad3c948f4d605d) (ScriptedImporter) -> (artifact id: 'ec84ba03d82ba340effdf8bf017e5d32') in 0.027054 seconds
Number of updated asset objects reloaded before import = 0Number of asset objects unloaded after import = 1

========================================================================
Received Import Request.
  Time since last request: 0.000025 seconds.
  path: Assets/Art/Csilla (Elevation 4k).png
  artifactKey: Guid(bb551900cc3d592478f8af82abcd0d16) Importer(2089858483,b0f066a214c2f5e87bad3c948f4d605d)
Start importing Assets/Art/Csilla (Elevation 4k).png using Guid(bb551900cc3d592478f8af82abcd0d16) Importer(2089858483,b0f066a214c2f5e87bad3c948f4d605d) (ScriptedImporter) -> (artifact id: 'e85239331e7a2949c801ad645f849a06') in 0.0180979 seconds
Number of updated asset objects reloaded before import = 0Number of asset objects unloaded after import = 1

========================================================================
Received Import Request.
  Time since last request: 27.796008 seconds.
  path: Assets/Art/Csilla Material.mat
  artifactKey: Guid(5fa2e0af818495b4b8fef7750d383d77) Importer(815301076,1909f56bfc062723c751e8b465ee728b)
Start importing Assets/Art/Csilla Material.mat using Guid(5fa2e0af818495b4b8fef7750d383d77) Importer(815301076,1909f56bfc062723c751e8b465ee728b) (PreviewImporter) -> (artifact id: '1308635eaefdb7ee08ae006d0ff4a865') in 4.7273127 seconds
Number of updated asset objects reloaded before import = 0Number of asset objects unloaded after import = 1

========================================================================
Received Import Request.
  Time since last request: 379.859212 seconds.
  path: Assets/Art/Csilla (Bump 4k).png
  artifactKey: Guid(25351636b2540dd4a8f073e42f402e24) Importer(815301076,1909f56bfc062723c751e8b465ee728b)
Start importing Assets/Art/Csilla (Bump 4k).png using Guid(25351636b2540dd4a8f073e42f402e24) Importer(815301076,1909f56bfc062723c751e8b465ee728b) (PreviewImporter) -> (artifact id: 'b36dcd60c398e0897eaf12dff3f2ff49') in 0.0245684 seconds
Number of updated asset objects reloaded before import = 0Number of asset objects unloaded after import = 2

========================================================================
Received Import Request.
  Time since last request: 0.857523 seconds.
  path: Assets/Art/Csilla (Bump 4k).png
  artifactKey: Guid(25351636b2540dd4a8f073e42f402e24) Importer(2089858483,b0f066a214c2f5e87bad3c948f4d605d)
Start importing Assets/Art/Csilla (Bump 4k).png using Guid(25351636b2540dd4a8f073e42f402e24) Importer(2089858483,b0f066a214c2f5e87bad3c948f4d605d) (ScriptedImporter) -> (artifact id: 'a25acc8c8bee1921bc6e1ced92a70ebc') in 0.0201461 seconds
Number of updated asset objects reloaded before import = 0Number of asset objects unloaded after import = 1

========================================================================
Received Import Request.
  Time since last request: 15.392905 seconds.
  path: Assets/Art/Csilla (Lights Metropolis 4k).png
  artifactKey: Guid(b9d16cab68b4505408732d942ebab319) Importer(815301076,1909f56bfc062723c751e8b465ee728b)
Start importing Assets/Art/Csilla (Lights Metropolis 4k).png using Guid(b9d16cab68b4505408732d942ebab319) Importer(815301076,1909f56bfc062723c751e8b465ee728b) (PreviewImporter) -> (artifact id: 'dd80312c0aa3518c2f7a86bf4a2c2f49') in 0.01949 seconds
Number of updated asset objects reloaded before import = 0Number of asset objects unloaded after import = 2

========================================================================
Received Import Request.
  Time since last request: 0.886221 seconds.
  path: Assets/Art/Csilla (Lights Metropolis 4k).png
  artifactKey: Guid(b9d16cab68b4505408732d942ebab319) Importer(2089858483,b0f066a214c2f5e87bad3c948f4d605d)
Start importing Assets/Art/Csilla (Lights Metropolis 4k).png using Guid(b9d16cab68b4505408732d942ebab319) Importer(2089858483,b0f066a214c2f5e87bad3c948f4d605d) (ScriptedImporter) -> (artifact id: '310b146638e36a80807fffb3227ef1b2') in 0.0139264 seconds
Number of updated asset objects reloaded before import = 0Number of asset objects unloaded after import = 1

========================================================================
Received Import Request.
  Time since last request: 54.404932 seconds.
  path: Assets/Art/Planet_Csilla
  artifactKey: Guid(b25e664959e79cc4a94ecd694f6c1322) Importer(815301076,1909f56bfc062723c751e8b465ee728b)
Start importing Assets/Art/Planet_Csilla using Guid(b25e664959e79cc4a94ecd694f6c1322) Importer(815301076,1909f56bfc062723c751e8b465ee728b) (PreviewImporter) -> (artifact id: 'b6c20b2c76a7e4b35447dc3baa7c1933') in 0.0009316 seconds
Number of updated asset objects reloaded before import = 0Number of asset objects unloaded after import = 0

========================================================================
Received Import Request.
  Time since last request: 0.870771 seconds.
  path: Assets/Art/Planet_Csilla
  artifactKey: Guid(b25e664959e79cc4a94ecd694f6c1322) Importer(2089858483,b0f066a214c2f5e87bad3c948f4d605d)
Start importing Assets/Art/Planet_Csilla using Guid(b25e664959e79cc4a94ecd694f6c1322) Importer(2089858483,b0f066a214c2f5e87bad3c948f4d605d) (ScriptedImporter) -> (artifact id: '642a40e6a256b89f9ce0f0a28c043115') in 0.0076695 seconds
Number of updated asset objects reloaded before import = 0Number of asset objects unloaded after import = 1

========================================================================
Received Import Request.
  Time since last request: 6.348851 seconds.
  path: Assets/Art/Planet_Csilla/Textures
  artifactKey: Guid(6a90f4c43d8daad4fbe95c57599e7903) Importer(815301076,1909f56bfc062723c751e8b465ee728b)
Start importing Assets/Art/Planet_Csilla/Textures using Guid(6a90f4c43d8daad4fbe95c57599e7903) Importer(815301076,1909f56bfc062723c751e8b465ee728b) (PreviewImporter) -> (artifact id: 'c94fc85c82ab597136c7c2fb23d5110f') in 0.0007958 seconds
Number of updated asset objects reloaded before import = 0Number of asset objects unloaded after import = 0

========================================================================
Received Import Request.
  Time since last request: 0.907065 seconds.
  path: Assets/Art/Planet_Csilla/Textures
  artifactKey: Guid(6a90f4c43d8daad4fbe95c57599e7903) Importer(2089858483,b0f066a214c2f5e87bad3c948f4d605d)
Start importing Assets/Art/Planet_Csilla/Textures using Guid(6a90f4c43d8daad4fbe95c57599e7903) Importer(2089858483,b0f066a214c2f5e87bad3c948f4d605d) (ScriptedImporter) -> (artifact id: 'bdec80bd34644dadd8374dd9fdce8dde') in 0.0094291 seconds
Number of updated asset objects reloaded before import = 0Number of asset objects unloaded after import = 1

========================================================================
Received Import Request.
  Time since last request: 5.741183 seconds.
  path: Assets/Art/Planet_Csilla/Csilla Material.mat
  artifactKey: Guid(5fa2e0af818495b4b8fef7750d383d77) Importer(2089858483,b0f066a214c2f5e87bad3c948f4d605d)
Start importing Assets/Art/Planet_Csilla/Csilla Material.mat using Guid(5fa2e0af818495b4b8fef7750d383d77) Importer(2089858483,b0f066a214c2f5e87bad3c948f4d605d) (ScriptedImporter) -> (artifact id: '7a365d9d302bcf4908d8fc40fbb06c87') in 0.0196766 seconds
Number of updated asset objects reloaded before import = 0Number of asset objects unloaded after import = 6

========================================================================
Received Import Request.
  Time since last request: 2.232249 seconds.
  path: Assets/Art/Planet_Csilla/Csilla Material.mat
  artifactKey: Guid(5fa2e0af818495b4b8fef7750d383d77) Importer(815301076,1909f56bfc062723c751e8b465ee728b)
Start importing Assets/Art/Planet_Csilla/Csilla Material.mat using Guid(5fa2e0af818495b4b8fef7750d383d77) Importer(815301076,1909f56bfc062723c751e8b465ee728b) (PreviewImporter) -> (artifact id: 'a3742cc0a598de7f0ebe247ded1979ff') in 3.7465177 seconds
Number of updated asset objects reloaded before import = 0Number of asset objects unloaded after import = 6

========================================================================
Received Import Request.
  Time since last request: 20.058246 seconds.
  path: Assets/Art/Planet_Csilla/Textures/Csilla (Elevation 4k).png
  artifactKey: Guid(bb551900cc3d592478f8af82abcd0d16) Importer(2089858483,b0f066a214c2f5e87bad3c948f4d605d)
Start importing Assets/Art/Planet_Csilla/Textures/Csilla (Elevation 4k).png using Guid(bb551900cc3d592478f8af82abcd0d16) Importer(2089858483,b0f066a214c2f5e87bad3c948f4d605d) (ScriptedImporter) -> (artifact id: 'b0a45ddf4e5a49834936d80bed52c815') in 0.0192519 seconds
Number of updated asset objects reloaded before import = 0Number of asset objects unloaded after import = 1

========================================================================
Received Import Request.
  Time since last request: 0.000030 seconds.
  path: Assets/Art/Planet_Csilla/Textures/Csilla (Diffuse 4k).png
  artifactKey: Guid(66cb647b965b69d4d945f11f20397abb) Importer(2089858483,b0f066a214c2f5e87bad3c948f4d605d)
Start importing Assets/Art/Planet_Csilla/Textures/Csilla (Diffuse 4k).png using Guid(66cb647b965b69d4d945f11f20397abb) Importer(2089858483,b0f066a214c2f5e87bad3c948f4d605d) (ScriptedImporter) -> (artifact id: '01a740b1b7b8d524822ba31641db63ed') in 0.0160246 seconds
Number of updated asset objects reloaded before import = 0Number of asset objects unloaded after import = 1

========================================================================
Received Import Request.
  Time since last request: 0.000042 seconds.
  path: Assets/Art/Planet_Csilla/Textures/Csilla (Clouds 4k).png
  artifactKey: Guid(ee3a2ad89b9bad3409c9108f60d2fc88) Importer(2089858483,b0f066a214c2f5e87bad3c948f4d605d)
Start importing Assets/Art/Planet_Csilla/Textures/Csilla (Clouds 4k).png using Guid(ee3a2ad89b9bad3409c9108f60d2fc88) Importer(2089858483,b0f066a214c2f5e87bad3c948f4d605d) (ScriptedImporter) -> (artifact id: 'd58fd50fd886723470b59d3264774785') in 0.0122511 seconds
Number of updated asset objects reloaded before import = 0Number of asset objects unloaded after import = 1

========================================================================
Received Import Request.
  Time since last request: 11.866456 seconds.
  path: Assets/Art/DeepSpaceSkyboxPack/GalaxyFire
  artifactKey: Guid(3d242659939deca4cbba19ed800d8d3c) Importer(815301076,1909f56bfc062723c751e8b465ee728b)
Start importing Assets/Art/DeepSpaceSkyboxPack/GalaxyFire using Guid(3d242659939deca4cbba19ed800d8d3c) Importer(815301076,1909f56bfc062723c751e8b465ee728b) (PreviewImporter) -> (artifact id: 'a3f4a6ceadb9cbdaf81035f8bdc8683c') in 0.0006831 seconds
Number of updated asset objects reloaded before import = 0Number of asset objects unloaded after import = 0

========================================================================
Received Import Request.
  Time since last request: 0.893227 seconds.
  path: Assets/Art/DeepSpaceSkyboxPack/GalaxyFire/Textures
  artifactKey: Guid(a73986c4e20ef3a42988c2ce3c7ed2f0) Importer(815301076,1909f56bfc062723c751e8b465ee728b)
Start importing Assets/Art/DeepSpaceSkyboxPack/GalaxyFire/Textures using Guid(a73986c4e20ef3a42988c2ce3c7ed2f0) Importer(815301076,1909f56bfc062723c751e8b465ee728b) (PreviewImporter) -> (artifact id: '0004ed9530f3f5f95ff425cbd3a3ce35') in 0.0011149 seconds
Number of updated asset objects reloaded before import = 0Number of asset objects unloaded after import = 0

========================================================================
Received Import Request.
  Time since last request: 0.000039 seconds.
  path: Assets/Art/DeepSpaceSkyboxPack/GalaxyFire/Textures/back_galaxyfire.tif
  artifactKey: Guid(4bcc09e8d515d584b86b8ec5c19e8b3f) Importer(815301076,1909f56bfc062723c751e8b465ee728b)
Start importing Assets/Art/DeepSpaceSkyboxPack/GalaxyFire/Textures/back_galaxyfire.tif using Guid(4bcc09e8d515d584b86b8ec5c19e8b3f) Importer(815301076,1909f56bfc062723c751e8b465ee728b) (PreviewImporter) -> (artifact id: '4b4d221aa8b72bd79516c8dfd0a56475') in 0.0115633 seconds
Number of updated asset objects reloaded before import = 0Number of asset objects unloaded after import = 2

========================================================================
Received Import Request.
  Time since last request: 0.000061 seconds.
  path: Assets/Art/DeepSpaceSkyboxPack/GalaxyFire/Textures/up_galaxyfire.tif
  artifactKey: Guid(e5aaf30e569994d4ab3e49689e74b63f) Importer(815301076,1909f56bfc062723c751e8b465ee728b)
Start importing Assets/Art/DeepSpaceSkyboxPack/GalaxyFire/Textures/up_galaxyfire.tif using Guid(e5aaf30e569994d4ab3e49689e74b63f) Importer(815301076,1909f56bfc062723c751e8b465ee728b) (PreviewImporter) -> (artifact id: '45fcbc968cf4be650ff5ccc222397276') in 0.011197 seconds
Number of updated asset objects reloaded before import = 0Number of asset objects unloaded after import = 2

========================================================================
Received Import Request.
  Time since last request: 2.658184 seconds.
  path: Assets/Art/DeepSpaceSkyboxPack/GalaxyFire/Material
  artifactKey: Guid(ad3c2b10fab60e2419393702e37d5feb) Importer(815301076,1909f56bfc062723c751e8b465ee728b)
Start importing Assets/Art/DeepSpaceSkyboxPack/GalaxyFire/Material using Guid(ad3c2b10fab60e2419393702e37d5feb) Importer(815301076,1909f56bfc062723c751e8b465ee728b) (PreviewImporter) -> (artifact id: 'fd1099b01004ca76831a21626b59a961') in 0.0006472 seconds
Number of updated asset objects reloaded before import = 0Number of asset objects unloaded after import = 0

========================================================================
Received Import Request.
  Time since last request: 0.000023 seconds.
  path: Assets/Art/DeepSpaceSkyboxPack/GalaxyFire/Material/GalaxyFireMaterial.mat
  artifactKey: Guid(69e10e886d52d20478f9ed5424126be8) Importer(815301076,1909f56bfc062723c751e8b465ee728b)
Start importing Assets/Art/DeepSpaceSkyboxPack/GalaxyFire/Material/GalaxyFireMaterial.mat using Guid(69e10e886d52d20478f9ed5424126be8) Importer(815301076,1909f56bfc062723c751e8b465ee728b) (PreviewImporter) -> (artifact id: 'c9f49e51632628f2c6a46c797bd6e712') in 0.1948093 seconds
Number of updated asset objects reloaded before import = 0Number of asset objects unloaded after import = 7

========================================================================
Received Import Request.
  Time since last request: 4.960822 seconds.
  path: Assets/Art/DeepSpaceSkyboxPack/DiverseSpace
  artifactKey: Guid(852f40834f2daa148bafbce9d517d3ee) Importer(815301076,1909f56bfc062723c751e8b465ee728b)
Start importing Assets/Art/DeepSpaceSkyboxPack/DiverseSpace using Guid(852f40834f2daa148bafbce9d517d3ee) Importer(815301076,1909f56bfc062723c751e8b465ee728b) (PreviewImporter) -> (artifact id: '9649ad02aed2da0e05bdcc0c55dcacf0') in 0.0012914 seconds
Number of updated asset objects reloaded before import = 0Number of asset objects unloaded after import = 0

========================================================================
Received Import Request.
  Time since last request: 0.430576 seconds.
  path: Assets/Art/DeepSpaceSkyboxPack/DiverseSpace/Material
  artifactKey: Guid(cd3c2ae2b7b6b3348a5cd3dc29391984) Importer(815301076,1909f56bfc062723c751e8b465ee728b)
Start importing Assets/Art/DeepSpaceSkyboxPack/DiverseSpace/Material using Guid(cd3c2ae2b7b6b3348a5cd3dc29391984) Importer(815301076,1909f56bfc062723c751e8b465ee728b) (PreviewImporter) -> (artifact id: 'b8287ae9a01cc2329f98ec6882e7f1cb') in 0.00061 seconds
Number of updated asset objects reloaded before import = 0Number of asset objects unloaded after import = 0

========================================================================
Received Import Request.
  Time since last request: 0.000025 seconds.
  path: Assets/Art/DeepSpaceSkyboxPack/DiverseSpace/Material/DiverseSpaceMaterial.mat
  artifactKey: Guid(a4be220830e90ea4eb88b48b7fd376ce) Importer(815301076,1909f56bfc062723c751e8b465ee728b)
Start importing Assets/Art/DeepSpaceSkyboxPack/DiverseSpace/Material/DiverseSpaceMaterial.mat using Guid(a4be220830e90ea4eb88b48b7fd376ce) Importer(815301076,1909f56bfc062723c751e8b465ee728b) (PreviewImporter) -> (artifact id: '7d91f2660c9c889869c385027b70bbec') in 0.0234567 seconds
Number of updated asset objects reloaded before import = 0Number of asset objects unloaded after import = 7

========================================================================
Received Import Request.
  Time since last request: 3.155246 seconds.
  path: Assets/Art/DeepSpaceSkyboxPack/GalacticGreen
  artifactKey: Guid(d5f3674da32b594499088fd92fac0535) Importer(815301076,1909f56bfc062723c751e8b465ee728b)
Start importing Assets/Art/DeepSpaceSkyboxPack/GalacticGreen using Guid(d5f3674da32b594499088fd92fac0535) Importer(815301076,1909f56bfc062723c751e8b465ee728b) (PreviewImporter) -> (artifact id: 'ef3853d65813d8c705233108e3d21bf9') in 0.0006012 seconds
Number of updated asset objects reloaded before import = 0Number of asset objects unloaded after import = 0

========================================================================
Received Import Request.
  Time since last request: 0.893417 seconds.
  path: Assets/Art/DeepSpaceSkyboxPack/GalacticGreen/Material
  artifactKey: Guid(42143f25bb87e144188068a3e61f2e36) Importer(815301076,1909f56bfc062723c751e8b465ee728b)
Start importing Assets/Art/DeepSpaceSkyboxPack/GalacticGreen/Material using Guid(42143f25bb87e144188068a3e61f2e36) Importer(815301076,1909f56bfc062723c751e8b465ee728b) (PreviewImporter) -> (artifact id: '26ccb05b0594e5dfbf729f753ab7a472') in 0.0011934 seconds
Number of updated asset objects reloaded before import = 0Number of asset objects unloaded after import = 0

========================================================================
Received Import Request.
  Time since last request: 0.000021 seconds.
  path: Assets/Art/DeepSpaceSkyboxPack/GalacticGreen/Material/GalacticGreenMaterial.mat
  artifactKey: Guid(42eaf2c5dbb13dc498f15df5a5b05fda) Importer(815301076,1909f56bfc062723c751e8b465ee728b)
Start importing Assets/Art/DeepSpaceSkyboxPack/GalacticGreen/Material/GalacticGreenMaterial.mat using Guid(42eaf2c5dbb13dc498f15df5a5b05fda) Importer(815301076,1909f56bfc062723c751e8b465ee728b) (PreviewImporter) -> (artifact id: '54bf648511335eac0dcf7435fa82119b') in 0.0320796 seconds
Number of updated asset objects reloaded before import = 0Number of asset objects unloaded after import = 7

========================================================================
Received Import Request.
  Time since last request: 61.120088 seconds.
  path: Assets/Art/DeepSpaceSkyboxPack/DiverseSpace/Textures/diversespace-back.tif
  artifactKey: Guid(5aaf7cd74552c9440b96748a185216d0) Importer(815301076,1909f56bfc062723c751e8b465ee728b)
Start importing Assets/Art/DeepSpaceSkyboxPack/DiverseSpace/Textures/diversespace-back.tif using Guid(5aaf7cd74552c9440b96748a185216d0) Importer(815301076,1909f56bfc062723c751e8b465ee728b) (PreviewImporter) -> (artifact id: '55f865278826e5430670b7dd63a7cca8') in 0.0121856 seconds
Number of updated asset objects reloaded before import = 0Number of asset objects unloaded after import = 2

========================================================================
Received Import Request.
  Time since last request: 0.000026 seconds.
  path: Assets/Art/DeepSpaceSkyboxPack/DiverseSpace/Textures/diversespace-up.tif
  artifactKey: Guid(bccfe129d6c46dd42a2332a24a0ea3cc) Importer(815301076,1909f56bfc062723c751e8b465ee728b)
Start importing Assets/Art/DeepSpaceSkyboxPack/DiverseSpace/Textures/diversespace-up.tif using Guid(bccfe129d6c46dd42a2332a24a0ea3cc) Importer(815301076,1909f56bfc062723c751e8b465ee728b) (PreviewImporter) -> (artifact id: '351b1cc13337661027a643da3edacbda') in 0.0133053 seconds
Number of updated asset objects reloaded before import = 0Number of asset objects unloaded after import = 2

========================================================================
Received Import Request.
  Time since last request: 0.000045 seconds.
  path: Assets/Art/DeepSpaceSkyboxPack/DiverseSpace/Textures/diversespace-right.tif
  artifactKey: Guid(b83ed05e17bb80a4d960bfc607d24c45) Importer(815301076,1909f56bfc062723c751e8b465ee728b)
Start importing Assets/Art/DeepSpaceSkyboxPack/DiverseSpace/Textures/diversespace-right.tif using Guid(b83ed05e17bb80a4d960bfc607d24c45) Importer(815301076,1909f56bfc062723c751e8b465ee728b) (PreviewImporter) -> (artifact id: '53e488a294fb68f082239a323a27f351') in 0.0170491 seconds
Number of updated asset objects reloaded before import = 0Number of asset objects unloaded after import = 2

========================================================================
Received Import Request.
  Time since last request: 203.934547 seconds.
  path: Assets/Art/Sun.fbx
  artifactKey: Guid(9d66e3b205e175c449350f348e34a66d) Importer(815301076,1909f56bfc062723c751e8b465ee728b)
Start importing Assets/Art/Sun.fbx using Guid(9d66e3b205e175c449350f348e34a66d) Importer(815301076,1909f56bfc062723c751e8b465ee728b) (PreviewImporter) -> (artifact id: '9da674af2305ef736113e231ae1e8672') in 4.3145421 seconds
Number of updated asset objects reloaded before import = 0Number of asset objects unloaded after import = 20

========================================================================
Received Import Request.
  Time since last request: 850.163036 seconds.
  path: Assets/Art/Mars_ao.jpg
  artifactKey: Guid(99f78a273ed8dde4fbae6969995ef146) Importer(815301076,1909f56bfc062723c751e8b465ee728b)
Start importing Assets/Art/Mars_ao.jpg using Guid(99f78a273ed8dde4fbae6969995ef146) Importer(815301076,1909f56bfc062723c751e8b465ee728b) (PreviewImporter) -> (artifact id: '403bed87cc92b11ec578db40ec538f0c') in 0.0141323 seconds
Number of updated asset objects reloaded before import = 0Number of asset objects unloaded after import = 2

========================================================================
Received Import Request.
  Time since last request: 0.000045 seconds.
  path: Assets/Art/Mars_s.jpg
  artifactKey: Guid(7cce55d63f215e348a4ad3bd21ad2bff) Importer(815301076,1909f56bfc062723c751e8b465ee728b)
Start importing Assets/Art/Mars_s.jpg using Guid(7cce55d63f215e348a4ad3bd21ad2bff) Importer(815301076,1909f56bfc062723c751e8b465ee728b) (PreviewImporter) -> (artifact id: '4f9dec67694a2851d3a9e336d703a35c') in 0.0130249 seconds
Number of updated asset objects reloaded before import = 0Number of asset objects unloaded after import = 2

========================================================================
Received Import Request.
  Time since last request: 0.000031 seconds.
  path: Assets/Art/Mars_n.jpg
  artifactKey: Guid(55532a237b7acee459540ea969f62b3b) Importer(815301076,1909f56bfc062723c751e8b465ee728b)
Start importing Assets/Art/Mars_n.jpg using Guid(55532a237b7acee459540ea969f62b3b) Importer(815301076,1909f56bfc062723c751e8b465ee728b) (PreviewImporter) -> (artifact id: '9d888e1a259a217352d1a3260ec22985') in 0.0117912 seconds
Number of updated asset objects reloaded before import = 0Number of asset objects unloaded after import = 2

========================================================================
Received Import Request.
  Time since last request: 0.714179 seconds.
  path: Assets/Art/Mars_n.jpg
  artifactKey: Guid(55532a237b7acee459540ea969f62b3b) Importer(2089858483,b0f066a214c2f5e87bad3c948f4d605d)
Start importing Assets/Art/Mars_n.jpg using Guid(55532a237b7acee459540ea969f62b3b) Importer(2089858483,b0f066a214c2f5e87bad3c948f4d605d) (ScriptedImporter) -> (artifact id: 'e5e5cacf22060d67fe310c5f2e66c0b8') in 0.0188793 seconds
Number of updated asset objects reloaded before import = 0Number of asset objects unloaded after import = 1

========================================================================
Received Import Request.
  Time since last request: 0.000019 seconds.
  path: Assets/Art/Mars_ao.jpg
  artifactKey: Guid(99f78a273ed8dde4fbae6969995ef146) Importer(2089858483,b0f066a214c2f5e87bad3c948f4d605d)
Start importing Assets/Art/Mars_ao.jpg using Guid(99f78a273ed8dde4fbae6969995ef146) Importer(2089858483,b0f066a214c2f5e87bad3c948f4d605d) (ScriptedImporter) -> (artifact id: '32db44e45e8e71b0d768210d713b79a0') in 0.0145797 seconds
Number of updated asset objects reloaded before import = 0Number of asset objects unloaded after import = 1

========================================================================
Received Import Request.
  Time since last request: 0.000031 seconds.
  path: Assets/Art/Mars_g.jpg
  artifactKey: Guid(1add238ee0acd3546915749f9344f02e) Importer(2089858483,b0f066a214c2f5e87bad3c948f4d605d)
Start importing Assets/Art/Mars_g.jpg using Guid(1add238ee0acd3546915749f9344f02e) Importer(2089858483,b0f066a214c2f5e87bad3c948f4d605d) (ScriptedImporter) -> (artifact id: '5b78685ff148bfd41bd8b360df8d762f') in 0.0112608 seconds
Number of updated asset objects reloaded before import = 0Number of asset objects unloaded after import = 1

========================================================================
Received Import Request.
  Time since last request: 5.460324 seconds.
  path: Assets/Art/Mars.mat
  artifactKey: Guid(8fffb0c6203e69440b125ff52081c224) Importer(815301076,1909f56bfc062723c751e8b465ee728b)
Start importing Assets/Art/Mars.mat using Guid(8fffb0c6203e69440b125ff52081c224) Importer(815301076,1909f56bfc062723c751e8b465ee728b) (PreviewImporter) -> (artifact id: '5a7f5a2983a8a290d0409141dd4d7464') in 0.0140721 seconds
Number of updated asset objects reloaded before import = 0Number of asset objects unloaded after import = 1

========================================================================
Received Import Request.
  Time since last request: 0.900905 seconds.
  path: Assets/Art/Mars.mat
  artifactKey: Guid(8fffb0c6203e69440b125ff52081c224) Importer(2089858483,b0f066a214c2f5e87bad3c948f4d605d)
Start importing Assets/Art/Mars.mat using Guid(8fffb0c6203e69440b125ff52081c224) Importer(2089858483,b0f066a214c2f5e87bad3c948f4d605d) (ScriptedImporter) -> (artifact id: '6bc422261863083f18c2f23d4a4466a2') in 0.0091191 seconds
Number of updated asset objects reloaded before import = 0Number of asset objects unloaded after import = 1

========================================================================
Received Import Request.
  Time since last request: 293.130243 seconds.
  path: Assets/Art/Earth.fbx
  artifactKey: Guid(38815e708b16067469b53d622e46f527) Importer(815301076,1909f56bfc062723c751e8b465ee728b)
Start importing Assets/Art/Earth.fbx using Guid(38815e708b16067469b53d622e46f527) Importer(815301076,1909f56bfc062723c751e8b465ee728b) (PreviewImporter) -> (artifact id: '3f289f42912b18fb03c6b1c82b05df03') in 0.0252833 seconds
Number of updated asset objects reloaded before import = 0Number of asset objects unloaded after import = 9

========================================================================
Received Import Request.
  Time since last request: 0.886717 seconds.
  path: Assets/Art/Earth.fbx
  artifactKey: Guid(38815e708b16067469b53d622e46f527) Importer(2089858483,b0f066a214c2f5e87bad3c948f4d605d)
Start importing Assets/Art/Earth.fbx using Guid(38815e708b16067469b53d622e46f527) Importer(2089858483,b0f066a214c2f5e87bad3c948f4d605d) (ScriptedImporter) -> (artifact id: 'ee920abad6538d389decbc6590f4c28c') in 0.056842 seconds
Number of updated asset objects reloaded before import = 0Number of asset objects unloaded after import = 9

========================================================================
Received Import Request.
  Time since last request: 101.275007 seconds.
  path: Assets/Art/Mars.mat
  artifactKey: Guid(8fffb0c6203e69440b125ff52081c224) Importer(815301076,1909f56bfc062723c751e8b465ee728b)
Start importing Assets/Art/Mars.mat using Guid(8fffb0c6203e69440b125ff52081c224) Importer(815301076,1909f56bfc062723c751e8b465ee728b) (PreviewImporter) -> (artifact id: '3ccb8667736114f50d9b2d4d6ed116a5') in 0.0123574 seconds
Number of updated asset objects reloaded before import = 0Number of asset objects unloaded after import = 1

========================================================================
Received Import Request.
  Time since last request: 0.907445 seconds.
  path: Assets/Art/Mars.mat
  artifactKey: Guid(8fffb0c6203e69440b125ff52081c224) Importer(2089858483,b0f066a214c2f5e87bad3c948f4d605d)
Start importing Assets/Art/Mars.mat using Guid(8fffb0c6203e69440b125ff52081c224) Importer(2089858483,b0f066a214c2f5e87bad3c948f4d605d) (ScriptedImporter) -> (artifact id: '12c48599e76b4c6014d1cf276da54a63') in 0.0078534 seconds
Number of updated asset objects reloaded before import = 0Number of asset objects unloaded after import = 1

========================================================================
Received Import Request.
  Time since last request: 65.536585 seconds.
  path: Assets/Art/Mars_n.jpg
  artifactKey: Guid(55532a237b7acee459540ea969f62b3b) Importer(815301076,1909f56bfc062723c751e8b465ee728b)
Start importing Assets/Art/Mars_n.jpg using Guid(55532a237b7acee459540ea969f62b3b) Importer(815301076,1909f56bfc062723c751e8b465ee728b) (PreviewImporter) -> (artifact id: 'a7f7cbcacae63fca67bdb42f933f1db4') in 0.0106033 seconds
Number of updated asset objects reloaded before import = 0Number of asset objects unloaded after import = 2

========================================================================
Received Import Request.
  Time since last request: 0.885232 seconds.
  path: Assets/Art/Mars_n.jpg
  artifactKey: Guid(55532a237b7acee459540ea969f62b3b) Importer(2089858483,b0f066a214c2f5e87bad3c948f4d605d)
Start importing Assets/Art/Mars_n.jpg using Guid(55532a237b7acee459540ea969f62b3b) Importer(2089858483,b0f066a214c2f5e87bad3c948f4d605d) (ScriptedImporter) -> (artifact id: '3994e60b06d3c9cb68fc009fa52413e1') in 0.0108976 seconds
Number of updated asset objects reloaded before import = 0Number of asset objects unloaded after import = 1

========================================================================
Received Import Request.
  Time since last request: 10.283750 seconds.
  path: Assets/Art/Mars_s.jpg
  artifactKey: Guid(7cce55d63f215e348a4ad3bd21ad2bff) Importer(815301076,1909f56bfc062723c751e8b465ee728b)
Start importing Assets/Art/Mars_s.jpg using Guid(7cce55d63f215e348a4ad3bd21ad2bff) Importer(815301076,1909f56bfc062723c751e8b465ee728b) (PreviewImporter) -> (artifact id: 'fad32af88192c6e5e6fa11bbda10a27c') in 0.0101844 seconds
Number of updated asset objects reloaded before import = 0Number of asset objects unloaded after import = 2

========================================================================
Received Import Request.
  Time since last request: 0.905284 seconds.
  path: Assets/Art/Mars_s.jpg
  artifactKey: Guid(7cce55d63f215e348a4ad3bd21ad2bff) Importer(2089858483,b0f066a214c2f5e87bad3c948f4d605d)
Start importing Assets/Art/Mars_s.jpg using Guid(7cce55d63f215e348a4ad3bd21ad2bff) Importer(2089858483,b0f066a214c2f5e87bad3c948f4d605d) (ScriptedImporter) -> (artifact id: '804f9a862a4851f89bf1d9d4a40db386') in 0.0128359 seconds
Number of updated asset objects reloaded before import = 0Number of asset objects unloaded after import = 1

========================================================================
Received Import Request.
  Time since last request: 11.681272 seconds.
  path: Assets/Art/Mars_s.jpg
  artifactKey: Guid(7cce55d63f215e348a4ad3bd21ad2bff) Importer(815301076,1909f56bfc062723c751e8b465ee728b)
Start importing Assets/Art/Mars_s.jpg using Guid(7cce55d63f215e348a4ad3bd21ad2bff) Importer(815301076,1909f56bfc062723c751e8b465ee728b) (PreviewImporter) -> (artifact id: '9c9d3f1e371dfee3fb888b8741966107') in 0.0072628 seconds
Number of updated asset objects reloaded before import = 0Number of asset objects unloaded after import = 2

========================================================================
Received Import Request.
  Time since last request: 0.907206 seconds.
  path: Assets/Art/Mars_s.jpg
  artifactKey: Guid(7cce55d63f215e348a4ad3bd21ad2bff) Importer(2089858483,b0f066a214c2f5e87bad3c948f4d605d)
Start importing Assets/Art/Mars_s.jpg using Guid(7cce55d63f215e348a4ad3bd21ad2bff) Importer(2089858483,b0f066a214c2f5e87bad3c948f4d605d) (ScriptedImporter) -> (artifact id: 'ed14765ff3aec6d384ac77669f357022') in 0.0109503 seconds
Number of updated asset objects reloaded before import = 0Number of asset objects unloaded after import = 1

========================================================================
Received Prepare
Begin MonoManager ReloadAssembly
[Licensing::Client] Successfully resolved entitlement details
[Licensing::Module] License group:
  Id: F4-6VAQ-RSPE-8B2K-ACW9-XXXX
  Product: Unity Personal
  Type: ULF
  Expiration: Unlimited
[Licensing::Module] License group:
  Id: 4673984417473-UnityPersXXXX
  Product: Unity Personal
  Type: Assigned
  Expiration: Unlimited
- Loaded All Assemblies, in  0.856 seconds
Refreshing native plugins compatible for Editor in 1.12 ms, found 3 plugins.
Native extension for Android target not found
Native extension for WindowsStandalone target not found
[Package Manager] Failed to launch server process. Reason: Unity was launched with the -noUpm command-line argument
[Package Manager] Unable to send message (not connected to server process).
[Package Manager] Cannot connect to Unity Package Manager local server
[Package Manager] Failed to launch server process. Reason: Unity was launched with the -noUpm command-line argument
[Package Manager] Unable to send message (not connected to server process).
[Package Manager] Cannot connect to Unity Package Manager local server
ScheduleIndexationOnStartup MainProcess:False IndexOnStartup:True
Mono: successfully reloaded assembly
- Finished resetting the current domain, in  0.809 seconds
Domain Reload Profiling: 1668ms
	BeginReloadAssembly (313ms)
		ExecutionOrderSort (0ms)
		DisableScriptedObjects (25ms)
		BackupInstance (0ms)
		ReleaseScriptingObjects (0ms)
		CreateAndSetChildDomain (70ms)
	RebuildCommonClasses (41ms)
	RebuildNativeTypeToScriptingClass (15ms)
	initialDomainReloadingComplete (28ms)
	LoadAllAssembliesAndSetupDomain (461ms)
		LoadAssemblies (403ms)
		RebuildTransferFunctionScriptingTraits (0ms)
		AnalyzeDomain (201ms)
			TypeCache.Refresh (7ms)
				TypeCache.ScanAssembly (0ms)
			BuildScriptInfoCaches (180ms)
			ResolveRequiredComponents (10ms)
	FinalizeReload (810ms)
		ReleaseScriptCaches (0ms)
		RebuildScriptCaches (0ms)
		SetupLoadedEditorAssemblies (587ms)
			LogAssemblyErrors (0ms)
			InitializePlatformSupportModulesInManaged (10ms)
			SetLoadedEditorAssemblies (5ms)
			BeforeProcessingInitializeOnLoad (131ms)
			ProcessInitializeOnLoadAttributes (353ms)
			ProcessInitializeOnLoadMethodAttributes (85ms)
			AfterProcessingInitializeOnLoad (2ms)
			EditorAssembliesLoaded (0ms)
		ExecutionOrderSort2 (0ms)
		AwakeInstancesAfterBackupRestoration (23ms)
Refreshing native plugins compatible for Editor in 1.38 ms, found 3 plugins.
Preloading 0 native plugins for Editor in 0.00 ms.
Unloading 16 Unused Serialized files (Serialized files now loaded: 0)
Unloading 6181 unused Assets / (4.4 MB). Loaded Objects now: 7075.
Memory consumption went from 153.9 MB to 149.5 MB.
Total: 9.583900 ms (FindLiveObjects: 0.652500 ms CreateObjectMapping: 0.821800 ms MarkObjects: 6.182300 ms  DeleteObjects: 1.925800 ms)

Prepare: number of updated asset objects reloaded= 0
========================================================================
Received Import Request.
  Time since last request: 84.739583 seconds.
  path: Assets/Art/Mars_n.jpg
  artifactKey: Guid(55532a237b7acee459540ea969f62b3b) Importer(815301076,1909f56bfc062723c751e8b465ee728b)
Start importing Assets/Art/Mars_n.jpg using Guid(55532a237b7acee459540ea969f62b3b) Importer(815301076,1909f56bfc062723c751e8b465ee728b) (PreviewImporter) -> (artifact id: '97316f3b65731a06cc15cbbaf43b91f1') in 0.0726197 seconds
Number of updated asset objects reloaded before import = 0Number of asset objects unloaded after import = 2

========================================================================
Received Import Request.
  Time since last request: 15.393105 seconds.
  path: Assets/Art/Mars_d.jpg
  artifactKey: Guid(2838289fd0a411c459f6574cd4c40395) Importer(815301076,1909f56bfc062723c751e8b465ee728b)
Start importing Assets/Art/Mars_d.jpg using Guid(2838289fd0a411c459f6574cd4c40395) Importer(815301076,1909f56bfc062723c751e8b465ee728b) (PreviewImporter) -> (artifact id: 'c9a7cc6e5ed55c025dbd9cfcd4c4a95f') in 0.009393 seconds
Number of updated asset objects reloaded before import = 0Number of asset objects unloaded after import = 2

========================================================================
Received Import Request.
  Time since last request: 4.289397 seconds.
  path: Assets/Art/Mars_d.jpg
  artifactKey: Guid(2838289fd0a411c459f6574cd4c40395) Importer(815301076,1909f56bfc062723c751e8b465ee728b)
Start importing Assets/Art/Mars_d.jpg using Guid(2838289fd0a411c459f6574cd4c40395) Importer(815301076,1909f56bfc062723c751e8b465ee728b) (PreviewImporter) -> (artifact id: '1c247d28732b4be4f6bd0fbf6c400ea2') in 0.0148278 seconds
Number of updated asset objects reloaded before import = 0Number of asset objects unloaded after import = 2

========================================================================
Received Import Request.
  Time since last request: 11.752302 seconds.
  path: Assets/Art/Mars_d.jpg
  artifactKey: Guid(2838289fd0a411c459f6574cd4c40395) Importer(815301076,1909f56bfc062723c751e8b465ee728b)
Start importing Assets/Art/Mars_d.jpg using Guid(2838289fd0a411c459f6574cd4c40395) Importer(815301076,1909f56bfc062723c751e8b465ee728b) (PreviewImporter) -> (artifact id: '926b69f41dd59ef980c2dae831a94766') in 0.0069356 seconds
Number of updated asset objects reloaded before import = 0Number of asset objects unloaded after import = 2

========================================================================
Received Import Request.
  Time since last request: 126.654414 seconds.
  path: Assets/Art/Mars_n.jpg
  artifactKey: Guid(55532a237b7acee459540ea969f62b3b) Importer(2089858483,b0f066a214c2f5e87bad3c948f4d605d)
Start importing Assets/Art/Mars_n.jpg using Guid(55532a237b7acee459540ea969f62b3b) Importer(2089858483,b0f066a214c2f5e87bad3c948f4d605d) (ScriptedImporter) -> (artifact id: '2ee2b356daa4b84e2c519fb91859cef1') in 0.1095573 seconds
Number of updated asset objects reloaded before import = 0Number of asset objects unloaded after import = 1

========================================================================
Received Import Request.
  Time since last request: 5.570032 seconds.
  path: Assets/Art/Planet_Mars
  artifactKey: Guid(4c3240b2842b92c42bbe127b36100c06) Importer(815301076,1909f56bfc062723c751e8b465ee728b)
Start importing Assets/Art/Planet_Mars using Guid(4c3240b2842b92c42bbe127b36100c06) Importer(815301076,1909f56bfc062723c751e8b465ee728b) (PreviewImporter) -> (artifact id: '5e3b57aa4f6a08f94dfb0cadfebbb7fa') in 0.0005923 seconds
Number of updated asset objects reloaded before import = 0Number of asset objects unloaded after import = 0

========================================================================
Received Import Request.
  Time since last request: 0.877854 seconds.
  path: Assets/Art/Planet_Mars
  artifactKey: Guid(4c3240b2842b92c42bbe127b36100c06) Importer(2089858483,b0f066a214c2f5e87bad3c948f4d605d)
Start importing Assets/Art/Planet_Mars using Guid(4c3240b2842b92c42bbe127b36100c06) Importer(2089858483,b0f066a214c2f5e87bad3c948f4d605d) (ScriptedImporter) -> (artifact id: '1ce5f534454ab749520758de43479126') in 0.005467 seconds
Number of updated asset objects reloaded before import = 0Number of asset objects unloaded after import = 1

========================================================================
Received Import Request.
  Time since last request: 1.397227 seconds.
  path: Assets/Art/Planet_Mars/Mars.mat
  artifactKey: Guid(8fffb0c6203e69440b125ff52081c224) Importer(815301076,1909f56bfc062723c751e8b465ee728b)
Start importing Assets/Art/Planet_Mars/Mars.mat using Guid(8fffb0c6203e69440b125ff52081c224) Importer(815301076,1909f56bfc062723c751e8b465ee728b) (PreviewImporter) -> (artifact id: '0c536612e222696fef22315f4aa37214') in 3.0457242 seconds
Number of updated asset objects reloaded before import = 0Number of asset objects unloaded after import = 5

========================================================================
Received Import Request.
  Time since last request: 2.723050 seconds.
  path: Assets/Art/Planet_Mars/Textures
  artifactKey: Guid(644d8adb5f3b64249aca2ce51793b016) Importer(815301076,1909f56bfc062723c751e8b465ee728b)
Start importing Assets/Art/Planet_Mars/Textures using Guid(644d8adb5f3b64249aca2ce51793b016) Importer(815301076,1909f56bfc062723c751e8b465ee728b) (PreviewImporter) -> (artifact id: 'a332deaa8084d8f62ed98544899d960d') in 0.000808 seconds
Number of updated asset objects reloaded before import = 0Number of asset objects unloaded after import = 0

========================================================================
Received Import Request.
  Time since last request: 0.919395 seconds.
  path: Assets/Art/Planet_Mars/Textures
  artifactKey: Guid(644d8adb5f3b64249aca2ce51793b016) Importer(2089858483,b0f066a214c2f5e87bad3c948f4d605d)
Start importing Assets/Art/Planet_Mars/Textures using Guid(644d8adb5f3b64249aca2ce51793b016) Importer(2089858483,b0f066a214c2f5e87bad3c948f4d605d) (ScriptedImporter) -> (artifact id: '1802ad525599c82beffe2e123d9ff0c1') in 0.0051235 seconds
Number of updated asset objects reloaded before import = 0Number of asset objects unloaded after import = 1

========================================================================
Received Import Request.
  Time since last request: 19.156442 seconds.
  path: Assets/Art/Planet_Mars/Textures/Mars_n.jpg
  artifactKey: Guid(55532a237b7acee459540ea969f62b3b) Importer(2089858483,b0f066a214c2f5e87bad3c948f4d605d)
Start importing Assets/Art/Planet_Mars/Textures/Mars_n.jpg using Guid(55532a237b7acee459540ea969f62b3b) Importer(2089858483,b0f066a214c2f5e87bad3c948f4d605d) (ScriptedImporter) -> (artifact id: '1f7bbd9b84b939ad8c10028a401dee2b') in 0.0156987 seconds
Number of updated asset objects reloaded before import = 0Number of asset objects unloaded after import = 1

========================================================================
Received Import Request.
  Time since last request: 0.000022 seconds.
  path: Assets/Art/Planet_Mars/Textures/Mars_ao.jpg
  artifactKey: Guid(99f78a273ed8dde4fbae6969995ef146) Importer(2089858483,b0f066a214c2f5e87bad3c948f4d605d)
Start importing Assets/Art/Planet_Mars/Textures/Mars_ao.jpg using Guid(99f78a273ed8dde4fbae6969995ef146) Importer(2089858483,b0f066a214c2f5e87bad3c948f4d605d) (ScriptedImporter) -> (artifact id: 'a8b783d86812dcb9be0b962a4c8e00f5') in 0.0149689 seconds
Number of updated asset objects reloaded before import = 0Number of asset objects unloaded after import = 1

========================================================================
Received Import Request.
  Time since last request: 0.000050 seconds.
  path: Assets/Art/Planet_Mars/Textures/Mars_g.jpg
  artifactKey: Guid(1add238ee0acd3546915749f9344f02e) Importer(2089858483,b0f066a214c2f5e87bad3c948f4d605d)
Start importing Assets/Art/Planet_Mars/Textures/Mars_g.jpg using Guid(1add238ee0acd3546915749f9344f02e) Importer(2089858483,b0f066a214c2f5e87bad3c948f4d605d) (ScriptedImporter) -> (artifact id: '2cd7835adb09a4ee2200125009dcd480') in 0.011055 seconds
Number of updated asset objects reloaded before import = 0Number of asset objects unloaded after import = 1

========================================================================
Received Import Request.
  Time since last request: 20.789245 seconds.
  path: Assets/Art/Korriban (Bump 4k).png
  artifactKey: Guid(18cf1f2fb9ee5344bbe96497166e92cb) Importer(815301076,1909f56bfc062723c751e8b465ee728b)
Start importing Assets/Art/Korriban (Bump 4k).png using Guid(18cf1f2fb9ee5344bbe96497166e92cb) Importer(815301076,1909f56bfc062723c751e8b465ee728b) (PreviewImporter) -> (artifact id: 'ded98c6d0ff0625f4811004b2e98b2c6') in 0.0108813 seconds
Number of updated asset objects reloaded before import = 0Number of asset objects unloaded after import = 2

========================================================================
Received Import Request.
  Time since last request: 0.000037 seconds.
  path: Assets/Art/Korriban (Roughness 4k).png
  artifactKey: Guid(e254f72807902df4b9f6c27368b88b11) Importer(815301076,1909f56bfc062723c751e8b465ee728b)
Start importing Assets/Art/Korriban (Roughness 4k).png using Guid(e254f72807902df4b9f6c27368b88b11) Importer(815301076,1909f56bfc062723c751e8b465ee728b) (PreviewImporter) -> (artifact id: 'adad465f6b41166f4f6dabdccf1627fd') in 0.0097067 seconds
Number of updated asset objects reloaded before import = 0Number of asset objects unloaded after import = 2

========================================================================
Received Import Request.
  Time since last request: 0.830095 seconds.
  path: Assets/Art/Korriban (Roughness 4k).png
  artifactKey: Guid(e254f72807902df4b9f6c27368b88b11) Importer(2089858483,b0f066a214c2f5e87bad3c948f4d605d)
Start importing Assets/Art/Korriban (Roughness 4k).png using Guid(e254f72807902df4b9f6c27368b88b11) Importer(2089858483,b0f066a214c2f5e87bad3c948f4d605d) (ScriptedImporter) -> (artifact id: '10abeb37b948a360d5a1c1b18745b2af') in 0.0136535 seconds
Number of updated asset objects reloaded before import = 0Number of asset objects unloaded after import = 1

========================================================================
Received Import Request.
  Time since last request: 0.000020 seconds.
  path: Assets/Art/Korriban (Diffuse 4k).png
  artifactKey: Guid(e1fb68dd330d18a4092abe706afb829a) Importer(2089858483,b0f066a214c2f5e87bad3c948f4d605d)
Start importing Assets/Art/Korriban (Diffuse 4k).png using Guid(e1fb68dd330d18a4092abe706afb829a) Importer(2089858483,b0f066a214c2f5e87bad3c948f4d605d) (ScriptedImporter) -> (artifact id: '80513c6e09b3e81e7146183786dd2ca8') in 0.0125203 seconds
Number of updated asset objects reloaded before import = 0Number of asset objects unloaded after import = 1

========================================================================
Received Import Request.
  Time since last request: 5.074484 seconds.
  path: Assets/Art/Korriban.mat
  artifactKey: Guid(52cd4cf6f8848f649acd1c139c3d44d1) Importer(815301076,1909f56bfc062723c751e8b465ee728b)
Start importing Assets/Art/Korriban.mat using Guid(52cd4cf6f8848f649acd1c139c3d44d1) Importer(815301076,1909f56bfc062723c751e8b465ee728b) (PreviewImporter) -> (artifact id: 'c654137484db18ab9856d9755d162b6d') in 0.0087416 seconds
Number of updated asset objects reloaded before import = 0Number of asset objects unloaded after import = 1

========================================================================
Received Import Request.
  Time since last request: 0.901438 seconds.
  path: Assets/Art/Korriban.mat
  artifactKey: Guid(52cd4cf6f8848f649acd1c139c3d44d1) Importer(2089858483,b0f066a214c2f5e87bad3c948f4d605d)
Start importing Assets/Art/Korriban.mat using Guid(52cd4cf6f8848f649acd1c139c3d44d1) Importer(2089858483,b0f066a214c2f5e87bad3c948f4d605d) (ScriptedImporter) -> (artifact id: 'cb8990c753932bf92ebe31c614502384') in 0.0127482 seconds
Number of updated asset objects reloaded before import = 0Number of asset objects unloaded after import = 1

========================================================================
Received Import Request.
  Time since last request: 9.326356 seconds.
  path: Assets/Art/Korriban (Bump 4k).png
  artifactKey: Guid(18cf1f2fb9ee5344bbe96497166e92cb) Importer(815301076,1909f56bfc062723c751e8b465ee728b)
Start importing Assets/Art/Korriban (Bump 4k).png using Guid(18cf1f2fb9ee5344bbe96497166e92cb) Importer(815301076,1909f56bfc062723c751e8b465ee728b) (PreviewImporter) -> (artifact id: '1aa9e35932793f74ce9d0467d8725ee9') in 0.0126262 seconds
Number of updated asset objects reloaded before import = 0Number of asset objects unloaded after import = 2

========================================================================
Received Import Request.
  Time since last request: 0.887664 seconds.
  path: Assets/Art/Korriban (Bump 4k).png
  artifactKey: Guid(18cf1f2fb9ee5344bbe96497166e92cb) Importer(2089858483,b0f066a214c2f5e87bad3c948f4d605d)
Start importing Assets/Art/Korriban (Bump 4k).png using Guid(18cf1f2fb9ee5344bbe96497166e92cb) Importer(2089858483,b0f066a214c2f5e87bad3c948f4d605d) (ScriptedImporter) -> (artifact id: '1fb4dce187e9a02a2b56f650a5c3de35') in 0.0211795 seconds
Number of updated asset objects reloaded before import = 0Number of asset objects unloaded after import = 1

========================================================================
Received Import Request.
  Time since last request: 126.549736 seconds.
  path: Assets/Art/Planet_Korriban
  artifactKey: Guid(1cdccfd3ec820854b8ce97d7391c1d18) Importer(815301076,1909f56bfc062723c751e8b465ee728b)
Start importing Assets/Art/Planet_Korriban using Guid(1cdccfd3ec820854b8ce97d7391c1d18) Importer(815301076,1909f56bfc062723c751e8b465ee728b) (PreviewImporter) -> (artifact id: '6a40f5451e715d28b4709159669faadb') in 0.0008508 seconds
Number of updated asset objects reloaded before import = 0Number of asset objects unloaded after import = 0

========================================================================
Received Import Request.
  Time since last request: 0.886178 seconds.
  path: Assets/Art/Planet_Korriban
  artifactKey: Guid(1cdccfd3ec820854b8ce97d7391c1d18) Importer(2089858483,b0f066a214c2f5e87bad3c948f4d605d)
Start importing Assets/Art/Planet_Korriban using Guid(1cdccfd3ec820854b8ce97d7391c1d18) Importer(2089858483,b0f066a214c2f5e87bad3c948f4d605d) (ScriptedImporter) -> (artifact id: '78baa90875a653055cc9b0f6af1811ea') in 0.0054718 seconds
Number of updated asset objects reloaded before import = 0Number of asset objects unloaded after import = 1

========================================================================
Received Import Request.
  Time since last request: 0.955608 seconds.
  path: Assets/Art/Planet_Korriban/Korriban.mat
  artifactKey: Guid(52cd4cf6f8848f649acd1c139c3d44d1) Importer(815301076,1909f56bfc062723c751e8b465ee728b)
Start importing Assets/Art/Planet_Korriban/Korriban.mat using Guid(52cd4cf6f8848f649acd1c139c3d44d1) Importer(815301076,1909f56bfc062723c751e8b465ee728b) (PreviewImporter) -> (artifact id: '378e8981798930bb6b7b898c38181d57') in 0.0191613 seconds
Number of updated asset objects reloaded before import = 0Number of asset objects unloaded after import = 6

========================================================================
Received Import Request.
  Time since last request: 1.921629 seconds.
  path: Assets/Art/Planet_Korriban/Korriban.mat
  artifactKey: Guid(52cd4cf6f8848f649acd1c139c3d44d1) Importer(2089858483,b0f066a214c2f5e87bad3c948f4d605d)
Start importing Assets/Art/Planet_Korriban/Korriban.mat using Guid(52cd4cf6f8848f649acd1c139c3d44d1) Importer(2089858483,b0f066a214c2f5e87bad3c948f4d605d) (ScriptedImporter) -> (artifact id: '37c06a38ce107bb552adb9daa56f03d5') in 0.01386 seconds
Number of updated asset objects reloaded before import = 0Number of asset objects unloaded after import = 6

========================================================================
Received Import Request.
  Time since last request: 2.191443 seconds.
  path: Assets/Art/Planet_Korriban/Textures
  artifactKey: Guid(f58a3868557f3b8408f0ffa10da52802) Importer(815301076,1909f56bfc062723c751e8b465ee728b)
Start importing Assets/Art/Planet_Korriban/Textures using Guid(f58a3868557f3b8408f0ffa10da52802) Importer(815301076,1909f56bfc062723c751e8b465ee728b) (PreviewImporter) -> (artifact id: '37a40b295efdc4df3b7d19501ad125fa') in 0.0005869 seconds
Number of updated asset objects reloaded before import = 0Number of asset objects unloaded after import = 0

========================================================================
Received Import Request.
  Time since last request: 0.917636 seconds.
  path: Assets/Art/Planet_Korriban/Textures
  artifactKey: Guid(f58a3868557f3b8408f0ffa10da52802) Importer(2089858483,b0f066a214c2f5e87bad3c948f4d605d)
Start importing Assets/Art/Planet_Korriban/Textures using Guid(f58a3868557f3b8408f0ffa10da52802) Importer(2089858483,b0f066a214c2f5e87bad3c948f4d605d) (ScriptedImporter) -> (artifact id: '61a02d2e49f54d05d435c762a59beb5d') in 0.0054767 seconds
Number of updated asset objects reloaded before import = 0Number of asset objects unloaded after import = 1

========================================================================
Received Import Request.
  Time since last request: 14.131182 seconds.
  path: Assets/Art/Planet_Korriban/Textures/Korriban (Roughness 4k).png
  artifactKey: Guid(e254f72807902df4b9f6c27368b88b11) Importer(2089858483,b0f066a214c2f5e87bad3c948f4d605d)
Start importing Assets/Art/Planet_Korriban/Textures/Korriban (Roughness 4k).png using Guid(e254f72807902df4b9f6c27368b88b11) Importer(2089858483,b0f066a214c2f5e87bad3c948f4d605d) (ScriptedImporter) -> (artifact id: '71dfe795166d14c6e4c59c9788364b41') in 0.0136958 seconds
Number of updated asset objects reloaded before import = 0Number of asset objects unloaded after import = 1

========================================================================
Received Import Request.
  Time since last request: 0.000026 seconds.
  path: Assets/Art/Planet_Korriban/Textures/Korriban (Diffuse 4k).png
  artifactKey: Guid(e1fb68dd330d18a4092abe706afb829a) Importer(2089858483,b0f066a214c2f5e87bad3c948f4d605d)
Start importing Assets/Art/Planet_Korriban/Textures/Korriban (Diffuse 4k).png using Guid(e1fb68dd330d18a4092abe706afb829a) Importer(2089858483,b0f066a214c2f5e87bad3c948f4d605d) (ScriptedImporter) -> (artifact id: '6b9fc195b70bba84b4eea790c5621a43') in 0.0121381 seconds
Number of updated asset objects reloaded before import = 0Number of asset objects unloaded after import = 1

========================================================================
Received Import Request.
  Time since last request: 0.000026 seconds.
  path: Assets/Art/Planet_Korriban/Textures/Korriban (Bump 4k).png
  artifactKey: Guid(18cf1f2fb9ee5344bbe96497166e92cb) Importer(2089858483,b0f066a214c2f5e87bad3c948f4d605d)
Start importing Assets/Art/Planet_Korriban/Textures/Korriban (Bump 4k).png using Guid(18cf1f2fb9ee5344bbe96497166e92cb) Importer(2089858483,b0f066a214c2f5e87bad3c948f4d605d) (ScriptedImporter) -> (artifact id: '116e6035da9d5a0aee1f89d3b8008ba3') in 0.010741 seconds
Number of updated asset objects reloaded before import = 0Number of asset objects unloaded after import = 1

========================================================================
Received Import Request.
  Time since last request: 9.143381 seconds.
  path: Assets/Art/New Folder
  artifactKey: Guid(92770ce63f6ff064c9954a8f0d587154) Importer(815301076,1909f56bfc062723c751e8b465ee728b)
Start importing Assets/Art/New Folder using Guid(92770ce63f6ff064c9954a8f0d587154) Importer(815301076,1909f56bfc062723c751e8b465ee728b) (PreviewImporter) -> (artifact id: 'cedbd071059719d08912b7db1945ba46') in 0.0005814 seconds
Number of updated asset objects reloaded before import = 0Number of asset objects unloaded after import = 0

========================================================================
Received Import Request.
  Time since last request: 11.927484 seconds.
  path: Assets/Art/New Folder/Terran 09 (Bump 4k).png
  artifactKey: Guid(e45ab24f2f33945409cb3fde2f706c67) Importer(815301076,1909f56bfc062723c751e8b465ee728b)
Start importing Assets/Art/New Folder/Terran 09 (Bump 4k).png using Guid(e45ab24f2f33945409cb3fde2f706c67) Importer(815301076,1909f56bfc062723c751e8b465ee728b) (PreviewImporter) -> (artifact id: 'a9b9ab02f30c09bc9593d2204aa28479') in 0.0116874 seconds
Number of updated asset objects reloaded before import = 0Number of asset objects unloaded after import = 2

========================================================================
Received Import Request.
  Time since last request: 0.000043 seconds.
  path: Assets/Art/New Folder/Terran 09 (Roughness 4k).png
  artifactKey: Guid(9f8297105b919e94c9a7ea63e877c583) Importer(815301076,1909f56bfc062723c751e8b465ee728b)
Start importing Assets/Art/New Folder/Terran 09 (Roughness 4k).png using Guid(9f8297105b919e94c9a7ea63e877c583) Importer(815301076,1909f56bfc062723c751e8b465ee728b) (PreviewImporter) -> (artifact id: 'a989a88920f08a3e2336df6ba6a1bb28') in 0.0091228 seconds
Number of updated asset objects reloaded before import = 0Number of asset objects unloaded after import = 2

========================================================================
Received Import Request.
  Time since last request: 0.000081 seconds.
  path: Assets/Art/New Folder/Terran 09 (Lights Urban 4k).png
  artifactKey: Guid(0b44f6a482f8b1c4d9cc154d25a2c2e3) Importer(815301076,1909f56bfc062723c751e8b465ee728b)
Start importing Assets/Art/New Folder/Terran 09 (Lights Urban 4k).png using Guid(0b44f6a482f8b1c4d9cc154d25a2c2e3) Importer(815301076,1909f56bfc062723c751e8b465ee728b) (PreviewImporter) -> (artifact id: '7e66d9c8627421c20782a1f3eb7d01e9') in 0.0104614 seconds
Number of updated asset objects reloaded before import = 0Number of asset objects unloaded after import = 2

========================================================================
Received Import Request.
  Time since last request: 0.746004 seconds.
  path: Assets/Art/New Folder
  artifactKey: Guid(92770ce63f6ff064c9954a8f0d587154) Importer(2089858483,b0f066a214c2f5e87bad3c948f4d605d)
Start importing Assets/Art/New Folder using Guid(92770ce63f6ff064c9954a8f0d587154) Importer(2089858483,b0f066a214c2f5e87bad3c948f4d605d) (ScriptedImporter) -> (artifact id: '9dc1f46713747d5d35e3fed9ee534985') in 0.0053698 seconds
Number of updated asset objects reloaded before import = 0Number of asset objects unloaded after import = 1

========================================================================
Received Import Request.
  Time since last request: 0.000020 seconds.
  path: Assets/Art/New Folder/Terran 09 (Clouds 4k).png
  artifactKey: Guid(d248a53554e96b949b47d21c7f467bd8) Importer(2089858483,b0f066a214c2f5e87bad3c948f4d605d)
Start importing Assets/Art/New Folder/Terran 09 (Clouds 4k).png using Guid(d248a53554e96b949b47d21c7f467bd8) Importer(2089858483,b0f066a214c2f5e87bad3c948f4d605d) (ScriptedImporter) -> (artifact id: 'd0e4523659f2222aea8800ba68fe6923') in 0.0120322 seconds
Number of updated asset objects reloaded before import = 0Number of asset objects unloaded after import = 1

========================================================================
Received Import Request.
  Time since last request: 0.000026 seconds.
  path: Assets/Art/New Folder/Terran 09 (Bump 4k).png
  artifactKey: Guid(e45ab24f2f33945409cb3fde2f706c67) Importer(2089858483,b0f066a214c2f5e87bad3c948f4d605d)
Start importing Assets/Art/New Folder/Terran 09 (Bump 4k).png using Guid(e45ab24f2f33945409cb3fde2f706c67) Importer(2089858483,b0f066a214c2f5e87bad3c948f4d605d) (ScriptedImporter) -> (artifact id: 'c8b352a2c1b70e52f4f06a508431cd94') in 0.0136212 seconds
Number of updated asset objects reloaded before import = 0Number of asset objects unloaded after import = 1

Editor requested this worker to shutdown with reason: Scaling down because of idle timeout
AssetImportWorker is now disconnected from the server
Process exiting
Exiting without the bug reporter. Application will terminate with return code 0