[Licensing::Module] Trying to connect to existing licensing client channel...
[Licensing::IpcConnector] Successfully connected to: "LicenseClient-Goat" at "2026-03-19T15:28:42.8002961Z"
Built from '6000.3/staging' branch; Version is '6000.3.11f1 (3000ef702840) revision 3145967'; Using compiler version '194234433'; Build Type 'Release'
OS: 'Windows 11  (10.0.26200) Professional' Language: 'en' Physical Memory: 32592 MB
BatchMode: 1, IsHumanControllingUs: 0, StartBugReporterOnCrash: 0, Is64bit: 1
System  architecture: x64
Process architecture: x64
Date: 2026-03-19T15:28:42Z

COMMAND LINE ARGUMENTS:
E:\Unity\6000.3.11f1\Editor\Unity.exe
-adb2
-batchMode
-noUpm
-name
AssetImportWorker2
-projectPath
E:/Programming/SolarSystem
-logFile
Logs/AssetImportWorker2.log
-srvPort
57840
-job-worker-count
5
-background-job-worker-count
8
-gc-helper-count
1
-name
AssetImport
Successfully changed project path to: E:/Programming/SolarSystem
E:/Programming/SolarSystem
[UnityMemory] Configuration Parameters - Can be set up in boot.config
    "memorysetup-temp-allocator-size-nav-mesh-worker=65536"
    "memorysetup-temp-allocator-size-audio-worker=65536"
    "memorysetup-temp-allocator-size-gfx=262144"
    "memorysetup-allocator-temp-initial-block-size-main=262144"
    "memorysetup-allocator-temp-initial-block-size-worker=262144"
    "memorysetup-temp-allocator-size-background-worker=32768"
    "memorysetup-temp-allocator-size-job-worker=262144"
    "memorysetup-temp-allocator-size-preload-manager=33554432"
    "memorysetup-temp-allocator-size-gi-baking-worker=262144"
    "memorysetup-temp-allocator-size-gi-baking-worker=262144"
    "memorysetup-temp-allocator-size-gi-baking-worker=262144"
    "memorysetup-temp-allocator-size-gi-baking-worker=262144"
    "memorysetup-temp-allocator-size-gi-baking-worker=262144"
    "memorysetup-bucket-allocator-granularity=16"
    "memorysetup-bucket-allocator-bucket-count=8"
    "memorysetup-bucket-allocator-block-size=33554432"
    "memorysetup-bucket-allocator-block-count=8"
    "memorysetup-main-allocator-block-size=16777216"
    "memorysetup-thread-allocator-block-size=16777216"
    "memorysetup-gfx-main-allocator-block-size=16777216"
    "memorysetup-gfx-thread-allocator-block-size=16777216"
    "memorysetup-cache-allocator-block-size=4194304"
    "memorysetup-typetree-allocator-block-size=2097152"
    "memorysetup-profiler-bucket-allocator-granularity=16"
    "memorysetup-profiler-bucket-allocator-bucket-count=8"
    "memorysetup-profiler-bucket-allocator-block-size=33554432"
    "memorysetup-profiler-bucket-allocator-block-count=8"
    "memorysetup-profiler-allocator-block-size=16777216"
    "memorysetup-profiler-editor-allocator-block-size=1048576"
    "memorysetup-temp-allocator-size-main=16777216"
    "memorysetup-job-temp-allocator-block-size=2097152"
    "memorysetup-job-temp-allocator-block-size-background=1048576"
    "memorysetup-job-temp-allocator-reduction-small-platforms=262144"
    "memorysetup-temp-allocator-size-cloud-worker=32768"
Player connection [45948]  Target information:

Player connection [45948]  * "[IP] 192.168.0.91 [Port] 0 [Flags] 2 [Guid] 768664906 [EditorId] 768664906 [Version] 1048832 [Id] WindowsEditor(7,Goat) [Debug] 1 [PackageName] WindowsEditor [ProjectName] Editor" 

Player connection [45948] Host joined multi-casting on [225.0.0.222:54997]...
Player connection [45948] Host joined alternative multi-casting on [225.0.0.222:34997]...
JobSystem: Creating JobQueue using job-worker-count value 5
Input System module state changed to: Initialized.
[Physics::Module] Initialized fallback backend.
[Physics::Module] Id: 0xdecafbad
Library Redirect Path: Library/
[Physics::Module] Selected backend.
[Physics::Module] Name: PhysX
[Physics::Module] Id: 0xf2b8ea05
[Physics::Module] SDK Version: 4.1.2
[Physics::Module] Integration Version: 1.0.0
[Physics::Module] Threading Mode: Multi-Threaded
Refreshing native plugins compatible for Editor in 4.03 ms, found 3 plugins.
Preloading 0 native plugins for Editor in 0.00 ms.
Initialize engine version: 6000.3.11f1 (3000ef702840)
[Subsystems] Discovering subsystems at path E:/Unity/6000.3.11f1/Editor/Data/Resources/UnitySubsystems
[Subsystems] Discovering subsystems at path E:/Programming/SolarSystem/Assets
GfxDevice: creating device client; kGfxThreadingModeNonThreaded
[Licensing::Client] Error: HandshakeResponse reported an error:
	ResponseCode: 505
	ResponseStatus: Unsupported protocol version '1.18.0'.
[Licensing::Module] Error: Failed to handshake to channel: "LicenseClient-Goat"
[Licensing::IpcConnector] LicenseClient-Goat channel disconnected successfully.
[Licensing::IpcConnector] Successfully connected to: "LicenseClient-Goat-6000.3.11" at "2026-03-19T15:28:44.5040647Z"
Direct3D:
    Version:  Direct3D 11.0 [level 11.1]
    Renderer: NVIDIA GeForce RTX 3060 Ti (ID=0x2489)
    Vendor:   NVIDIA
    VRAM:     8024 MB
    Driver:   32.0.15.9186
[Licensing::Client] Handshaking with LicensingClient:
  Version:                 1.18.0+23225a6
  Session Id:              e58acb02e43b4bc3872d773c847c41be
  Correlation Id:          2a239129cf9526c090d7b60f6f1c8871
  External correlation Id: 6299759497326362973
  Machine Id:              9QBTK3+iH/u5B9oGmXAlhWTqKU4=
[Licensing::Module] Successfully connected to LicensingClient on channel: "LicenseClient-Goat-6000.3.11" (connect: 0.00s, validation: 0.01s, handshake: 0.18s)
[Licensing::IpcConnector] Successfully connected to: "LicenseClient-Goat-6000.3.11-notifications" at "2026-03-19T15:28:44.6952216Z"
[Licensing::Module] Licensing Background thread has ended after 1.90s
Initialize mono
Mono path[0] = 'E:/Unity/6000.3.11f1/Editor/Data/Managed'
Mono path[1] = 'E:/Unity/6000.3.11f1/Editor/Data/MonoBleedingEdge/lib/mono/unityjit-win32'
Mono config path = 'E:/Unity/6000.3.11f1/Editor/Data/MonoBleedingEdge/etc'
Using monoOptions --debugger-agent=transport=dt_socket,embedding=1,server=y,suspend=n,address=127.0.0.1:56116
Begin MonoManager ReloadAssembly
Registering precompiled unity dll's ...
Register platform support module: E:/Unity/6000.3.11f1/Editor/Data/PlaybackEngines/WindowsStandaloneSupport/UnityEditor.WindowsStandalone.Extensions.dll
[Licensing::Client] Successfully resolved entitlement details
[Licensing::Module] License group:
  Id: F4-6VAQ-RSPE-8B2K-ACW9-XXXX
  Product: Unity Personal
  Type: ULF
  Expiration: Unlimited
[Licensing::Module] License group:
  Id: 4673984417473-UnityPersXXXX
  Product: Unity Personal
  Type: Assigned
  Expiration: Unlimited
Register platform support module: E:/Unity/6000.3.11f1/Editor/Data/PlaybackEngines/AndroidPlayer/UnityEditor.Android.Extensions.dll
Registered in 0.026046 seconds.
- Loaded All Assemblies, in  0.650 seconds
Native extension for Android target not found
Native extension for WindowsStandalone target not found
Package Manager log level set to [2]
[Package Manager] Failed to launch server process. Reason: Unity was launched with the -noUpm command-line argument
[Package Manager] Unable to send message (not connected to server process).
[Package Manager] Cannot connect to Unity Package Manager local server
ScheduleIndexationOnStartup MainProcess:False IndexOnStartup:True
Mono: successfully reloaded assembly
- Finished resetting the current domain, in  0.607 seconds
Domain Reload Profiling: 1256ms
	BeginReloadAssembly (217ms)
		ExecutionOrderSort (0ms)
		DisableScriptedObjects (0ms)
		BackupInstance (0ms)
		ReleaseScriptingObjects (0ms)
		CreateAndSetChildDomain (1ms)
	RebuildCommonClasses (62ms)
	RebuildNativeTypeToScriptingClass (19ms)
	initialDomainReloadingComplete (83ms)
	LoadAllAssembliesAndSetupDomain (268ms)
		LoadAssemblies (218ms)
		RebuildTransferFunctionScriptingTraits (0ms)
		AnalyzeDomain (262ms)
			TypeCache.Refresh (260ms)
				TypeCache.ScanAssembly (241ms)
			BuildScriptInfoCaches (0ms)
			ResolveRequiredComponents (0ms)
	FinalizeReload (608ms)
		ReleaseScriptCaches (0ms)
		RebuildScriptCaches (0ms)
		SetupLoadedEditorAssemblies (528ms)
			LogAssemblyErrors (0ms)
			InitializePlatformSupportModulesInManaged (91ms)
			SetLoadedEditorAssemblies (6ms)
			BeforeProcessingInitializeOnLoad (122ms)
			ProcessInitializeOnLoadAttributes (201ms)
			ProcessInitializeOnLoadMethodAttributes (108ms)
			AfterProcessingInitializeOnLoad (0ms)
			EditorAssembliesLoaded (0ms)
		ExecutionOrderSort2 (0ms)
		AwakeInstancesAfterBackupRestoration (0ms)
========================================================================
Worker process is ready to serve import requests
Import Worker Mode flag is 0x00
Begin MonoManager ReloadAssembly
[Licensing::Client] Successfully resolved entitlement details
[Licensing::Module] License group:
  Id: F4-6VAQ-RSPE-8B2K-ACW9-XXXX
  Product: Unity Personal
  Type: ULF
  Expiration: Unlimited
[Licensing::Module] License group:
  Id: 4673984417473-UnityPersXXXX
  Product: Unity Personal
  Type: Assigned
  Expiration: Unlimited
- Loaded All Assemblies, in  1.250 seconds
Refreshing native plugins compatible for Editor in 1.99 ms, found 3 plugins.
Native extension for Android target not found
Native extension for WindowsStandalone target not found
[Package Manager] Failed to launch server process. Reason: Unity was launched with the -noUpm command-line argument
[Package Manager] Unable to send message (not connected to server process).
[Package Manager] Cannot connect to Unity Package Manager local server
[Package Manager] Failed to launch server process. Reason: Unity was launched with the -noUpm command-line argument
[Package Manager] Unable to send message (not connected to server process).
[Package Manager] Cannot connect to Unity Package Manager local server
ScheduleIndexationOnStartup MainProcess:False IndexOnStartup:True
Mono: successfully reloaded assembly
- Finished resetting the current domain, in  1.126 seconds
Domain Reload Profiling: 2375ms
	BeginReloadAssembly (324ms)
		ExecutionOrderSort (0ms)
		DisableScriptedObjects (8ms)
		BackupInstance (0ms)
		ReleaseScriptingObjects (0ms)
		CreateAndSetChildDomain (47ms)
	RebuildCommonClasses (61ms)
	RebuildNativeTypeToScriptingClass (24ms)
	initialDomainReloadingComplete (52ms)
	LoadAllAssembliesAndSetupDomain (786ms)
		LoadAssemblies (583ms)
		RebuildTransferFunctionScriptingTraits (0ms)
		AnalyzeDomain (398ms)
			TypeCache.Refresh (301ms)
				TypeCache.ScanAssembly (274ms)
			BuildScriptInfoCaches (76ms)
			ResolveRequiredComponents (14ms)
	FinalizeReload (1127ms)
		ReleaseScriptCaches (0ms)
		RebuildScriptCaches (0ms)
		SetupLoadedEditorAssemblies (763ms)
			LogAssemblyErrors (0ms)
			InitializePlatformSupportModulesInManaged (14ms)
			SetLoadedEditorAssemblies (8ms)
			BeforeProcessingInitializeOnLoad (209ms)
			ProcessInitializeOnLoadAttributes (441ms)
			ProcessInitializeOnLoadMethodAttributes (87ms)
			AfterProcessingInitializeOnLoad (3ms)
			EditorAssembliesLoaded (0ms)
		ExecutionOrderSort2 (0ms)
		AwakeInstancesAfterBackupRestoration (8ms)
Launched and connected shader compiler UnityShaderCompiler.exe after 0.04 seconds
Refreshing native plugins compatible for Editor in 2.20 ms, found 3 plugins.
Preloading 0 native plugins for Editor in 0.00 ms.
Unloading 16 Unused Serialized files (Serialized files now loaded: 0)
Unloading 6186 unused Assets / (4.0 MB). Loaded Objects now: 6985.
Memory consumption went from 145.7 MB to 141.7 MB.
Total: 15.544600 ms (FindLiveObjects: 1.229200 ms CreateObjectMapping: 1.999200 ms MarkObjects: 8.570700 ms  DeleteObjects: 3.743100 ms)

========================================================================
Received Import Request.
  Time since last request: 16234.817074 seconds.
  path: Assets/InputSystem_Actions.inputactions
  artifactKey: Guid(052faaac586de48259a63d0c4782560b) Importer(815301076,1909f56bfc062723c751e8b465ee728b)
Start importing Assets/InputSystem_Actions.inputactions using Guid(052faaac586de48259a63d0c4782560b) Importer(815301076,1909f56bfc062723c751e8b465ee728b) (PreviewImporter) -> (artifact id: '01930f40487c8621e82f37946cdc2c76') in 0.0407284 seconds
Number of updated asset objects reloaded before import = 1Number of asset objects unloaded after import = 20

========================================================================
Received Import Request.
  Time since last request: 1.422164 seconds.
  path: Assets/InputSystem_Actions.inputactions
  artifactKey: Guid(052faaac586de48259a63d0c4782560b) Importer(2089858483,b0f066a214c2f5e87bad3c948f4d605d)
Start importing Assets/InputSystem_Actions.inputactions using Guid(052faaac586de48259a63d0c4782560b) Importer(2089858483,b0f066a214c2f5e87bad3c948f4d605d) (ScriptedImporter) -> (artifact id: 'afca2ddd9c5c37e3df1142e4d0027000') in 0.3635542 seconds
Number of updated asset objects reloaded before import = 0Number of asset objects unloaded after import = 22

========================================================================
Received Import Request.
  Time since last request: 0.000025 seconds.
  path: Assets/TutorialInfo/Scripts/Editor/ReadmeEditor.cs
  artifactKey: Guid(476cc7d7cd9874016adc216baab94a0a) Importer(2089858483,b0f066a214c2f5e87bad3c948f4d605d)
Start importing Assets/TutorialInfo/Scripts/Editor/ReadmeEditor.cs using Guid(476cc7d7cd9874016adc216baab94a0a) Importer(2089858483,b0f066a214c2f5e87bad3c948f4d605d) (ScriptedImporter) -> (artifact id: '011c46882a14b868c81b200fb37a98d2') in 0.0252874 seconds
Number of updated asset objects reloaded before import = 0Number of asset objects unloaded after import = 0

========================================================================
Received Import Request.
  Time since last request: 0.000026 seconds.
  path: Assets/TutorialInfo/Scripts/Readme.cs
  artifactKey: Guid(fcf7219bab7fe46a1ad266029b2fee19) Importer(2089858483,b0f066a214c2f5e87bad3c948f4d605d)
Start importing Assets/TutorialInfo/Scripts/Readme.cs using Guid(fcf7219bab7fe46a1ad266029b2fee19) Importer(2089858483,b0f066a214c2f5e87bad3c948f4d605d) (ScriptedImporter) -> (artifact id: '22de60f0a783ea5edb04bcd8889a5a62') in 0.0075498 seconds
Number of updated asset objects reloaded before import = 0Number of asset objects unloaded after import = 0

========================================================================
Received Import Request.
  Time since last request: 0.000032 seconds.
  path: Assets/Settings/PC_RPAsset.asset
  artifactKey: Guid(4b83569d67af61e458304325a23e5dfd) Importer(2089858483,b0f066a214c2f5e87bad3c948f4d605d)
Start importing Assets/Settings/PC_RPAsset.asset using Guid(4b83569d67af61e458304325a23e5dfd) Importer(2089858483,b0f066a214c2f5e87bad3c948f4d605d) (ScriptedImporter) -> (artifact id: 'c86065f9913fa2dbda77f3341a6a2bc7') in 0.0961355 seconds
Number of updated asset objects reloaded before import = 0Number of asset objects unloaded after import = 1

========================================================================
Received Import Request.
  Time since last request: 9.246467 seconds.
  path: Assets/Settings/Mobile_Renderer.asset
  artifactKey: Guid(65bc7dbf4170f435aa868c779acfb082) Importer(2089858483,b0f066a214c2f5e87bad3c948f4d605d)
Start importing Assets/Settings/Mobile_Renderer.asset using Guid(65bc7dbf4170f435aa868c779acfb082) Importer(2089858483,b0f066a214c2f5e87bad3c948f4d605d) (ScriptedImporter) -> (artifact id: '1d6b959d43bcff5b3349832f19799b35') in 0.0343885 seconds
Number of updated asset objects reloaded before import = 0Number of asset objects unloaded after import = 1

========================================================================
Received Import Request.
  Time since last request: 72.221587 seconds.
  path: Assets/TutorialInfo
  artifactKey: Guid(ba062aa6c92b140379dbc06b43dd3b9b) Importer(815301076,1909f56bfc062723c751e8b465ee728b)
Start importing Assets/TutorialInfo using Guid(ba062aa6c92b140379dbc06b43dd3b9b) Importer(815301076,1909f56bfc062723c751e8b465ee728b) (PreviewImporter) -> (artifact id: 'bd0ce3b9fb2b0078fcd59af112aef3b6') in 0.0009446 seconds
Number of updated asset objects reloaded before import = 0Number of asset objects unloaded after import = 0

========================================================================
Received Prepare
Refreshing native plugins compatible for Editor in 1.23 ms, found 3 plugins.
Preloading 0 native plugins for Editor in 0.00 ms.
Unloading 16 Unused Serialized files (Serialized files now loaded: 0)
Unloading 6174 unused Assets / (3.7 MB). Loaded Objects now: 6986.
Memory consumption went from 144.7 MB to 141.0 MB.
Total: 14.985400 ms (FindLiveObjects: 0.768100 ms CreateObjectMapping: 0.797600 ms MarkObjects: 9.574700 ms  DeleteObjects: 3.843200 ms)

Prepare: number of updated asset objects reloaded= 0
========================================================================
Received Prepare
Begin MonoManager ReloadAssembly
[Licensing::Client] Successfully resolved entitlement details
[Licensing::Module] License group:
  Id: F4-6VAQ-RSPE-8B2K-ACW9-XXXX
  Product: Unity Personal
  Type: ULF
  Expiration: Unlimited
[Licensing::Module] License group:
  Id: 4673984417473-UnityPersXXXX
  Product: Unity Personal
  Type: Assigned
  Expiration: Unlimited
- Loaded All Assemblies, in  0.904 seconds
Refreshing native plugins compatible for Editor in 2.39 ms, found 3 plugins.
Native extension for Android target not found
Native extension for WindowsStandalone target not found
[Package Manager] Failed to launch server process. Reason: Unity was launched with the -noUpm command-line argument
[Package Manager] Unable to send message (not connected to server process).
[Package Manager] Cannot connect to Unity Package Manager local server
[Package Manager] Failed to launch server process. Reason: Unity was launched with the -noUpm command-line argument
[Package Manager] Unable to send message (not connected to server process).
[Package Manager] Cannot connect to Unity Package Manager local server
ScheduleIndexationOnStartup MainProcess:False IndexOnStartup:True
Mono: successfully reloaded assembly
- Finished resetting the current domain, in  0.799 seconds
Domain Reload Profiling: 1706ms
	BeginReloadAssembly (319ms)
		ExecutionOrderSort (0ms)
		DisableScriptedObjects (8ms)
		BackupInstance (0ms)
		ReleaseScriptingObjects (0ms)
		CreateAndSetChildDomain (67ms)
	RebuildCommonClasses (40ms)
	RebuildNativeTypeToScriptingClass (17ms)
	initialDomainReloadingComplete (29ms)
	LoadAllAssembliesAndSetupDomain (501ms)
		LoadAssemblies (447ms)
		RebuildTransferFunctionScriptingTraits (0ms)
		AnalyzeDomain (212ms)
			TypeCache.Refresh (11ms)
				TypeCache.ScanAssembly (0ms)
			BuildScriptInfoCaches (185ms)
			ResolveRequiredComponents (11ms)
	FinalizeReload (800ms)
		ReleaseScriptCaches (0ms)
		RebuildScriptCaches (0ms)
		SetupLoadedEditorAssemblies (602ms)
			LogAssemblyErrors (0ms)
			InitializePlatformSupportModulesInManaged (10ms)
			SetLoadedEditorAssemblies (5ms)
			BeforeProcessingInitializeOnLoad (164ms)
			ProcessInitializeOnLoadAttributes (356ms)
			ProcessInitializeOnLoadMethodAttributes (65ms)
			AfterProcessingInitializeOnLoad (2ms)
			EditorAssembliesLoaded (0ms)
		ExecutionOrderSort2 (0ms)
		AwakeInstancesAfterBackupRestoration (20ms)
Refreshing native plugins compatible for Editor in 1.21 ms, found 3 plugins.
Preloading 0 native plugins for Editor in 0.00 ms.
Unloading 16 Unused Serialized files (Serialized files now loaded: 0)
Unloading 6180 unused Assets / (4.0 MB). Loaded Objects now: 7002.
Memory consumption went from 151.2 MB to 147.2 MB.
Total: 7.971200 ms (FindLiveObjects: 0.862600 ms CreateObjectMapping: 0.803100 ms MarkObjects: 4.179000 ms  DeleteObjects: 2.125300 ms)

Prepare: number of updated asset objects reloaded= 0
========================================================================
Received Import Request.
  Time since last request: 37.773048 seconds.
  path: Assets/Settings
  artifactKey: Guid(709f11a7f3c4041caa4ef136ea32d874) Importer(815301076,1909f56bfc062723c751e8b465ee728b)
Start importing Assets/Settings using Guid(709f11a7f3c4041caa4ef136ea32d874) Importer(815301076,1909f56bfc062723c751e8b465ee728b) (PreviewImporter) -> (artifact id: 'c4b47d252bc4e8d77fd6334abcf5e3e8') in 0.0167537 seconds
Number of updated asset objects reloaded before import = 0Number of asset objects unloaded after import = 0

========================================================================
Received Import Request.
  Time since last request: 0.000024 seconds.
  path: Assets/Settings/DefaultVolumeProfile.asset
  artifactKey: Guid(ab09877e2e707104187f6f83e2f62510) Importer(815301076,1909f56bfc062723c751e8b465ee728b)
Start importing Assets/Settings/DefaultVolumeProfile.asset using Guid(ab09877e2e707104187f6f83e2f62510) Importer(815301076,1909f56bfc062723c751e8b465ee728b) (PreviewImporter) -> (artifact id: '10528149371aefc32227726816d72a59') in 0.0257869 seconds
Number of updated asset objects reloaded before import = 0Number of asset objects unloaded after import = 0

========================================================================
Received Import Request.
  Time since last request: 0.000051 seconds.
  path: Assets/Settings/SampleSceneProfile.asset
  artifactKey: Guid(10fc4df2da32a41aaa32d77bc913491c) Importer(815301076,1909f56bfc062723c751e8b465ee728b)
Start importing Assets/Settings/SampleSceneProfile.asset using Guid(10fc4df2da32a41aaa32d77bc913491c) Importer(815301076,1909f56bfc062723c751e8b465ee728b) (PreviewImporter) -> (artifact id: 'b72c935079ba95563e246d02d57d535f') in 0.001132 seconds
Number of updated asset objects reloaded before import = 0Number of asset objects unloaded after import = 0

========================================================================
Received Import Request.
  Time since last request: 0.000024 seconds.
  path: Assets/Settings/Mobile_RPAsset.asset
  artifactKey: Guid(5e6cbd92db86f4b18aec3ed561671858) Importer(815301076,1909f56bfc062723c751e8b465ee728b)
Start importing Assets/Settings/Mobile_RPAsset.asset using Guid(5e6cbd92db86f4b18aec3ed561671858) Importer(815301076,1909f56bfc062723c751e8b465ee728b) (PreviewImporter) -> (artifact id: '4f72d667b303dfb429e5dcf2797d7d7c') in 0.0027853 seconds
Number of updated asset objects reloaded before import = 0Number of asset objects unloaded after import = 2

========================================================================
Received Import Request.
  Time since last request: 0.000020 seconds.
  path: Assets/Settings/PC_Renderer.asset
  artifactKey: Guid(f288ae1f4751b564a96ac7587541f7a2) Importer(815301076,1909f56bfc062723c751e8b465ee728b)
Start importing Assets/Settings/PC_Renderer.asset using Guid(f288ae1f4751b564a96ac7587541f7a2) Importer(815301076,1909f56bfc062723c751e8b465ee728b) (PreviewImporter) -> (artifact id: 'faab6cc3a0eb7141fe31e2e91fd81ee8') in 0.0013619 seconds
Number of updated asset objects reloaded before import = 0Number of asset objects unloaded after import = 0

========================================================================
Received Import Request.
  Time since last request: 7.871278 seconds.
  path: Assets/Scenes/SampleScene.unity
  artifactKey: Guid(99c9720ab356a0642a771bea13969a05) Importer(815301076,1909f56bfc062723c751e8b465ee728b)
Start importing Assets/Scenes/SampleScene.unity using Guid(99c9720ab356a0642a771bea13969a05) Importer(815301076,1909f56bfc062723c751e8b465ee728b) (PreviewImporter) -> (artifact id: '092f7974db3fb175701bdf9959c1e23b') in 0.0006059 seconds
Number of updated asset objects reloaded before import = 0Number of asset objects unloaded after import = 0

========================================================================
Received Import Request.
  Time since last request: 1.833347 seconds.
  path: Assets/Scenes
  artifactKey: Guid(9edf0146b6633124b899a931a7fe9a9c) Importer(815301076,1909f56bfc062723c751e8b465ee728b)
Start importing Assets/Scenes using Guid(9edf0146b6633124b899a931a7fe9a9c) Importer(815301076,1909f56bfc062723c751e8b465ee728b) (PreviewImporter) -> (artifact id: 'b1c07c4513a44a54933b41e709bcc92f') in 0.0006519 seconds
Number of updated asset objects reloaded before import = 0Number of asset objects unloaded after import = 0

========================================================================
Received Import Request.
  Time since last request: 14.831778 seconds.
  path: Assets/Scenes/SolarSystem.unity
  artifactKey: Guid(ccd7ea0ebea7b4342b6e11d71e73d215) Importer(815301076,1909f56bfc062723c751e8b465ee728b)
Start importing Assets/Scenes/SolarSystem.unity using Guid(ccd7ea0ebea7b4342b6e11d71e73d215) Importer(815301076,1909f56bfc062723c751e8b465ee728b) (PreviewImporter) -> (artifact id: 'b970cd05837cf6d69966dc32b5b27546') in 0.0009622 seconds
Number of updated asset objects reloaded before import = 0Number of asset objects unloaded after import = 0

========================================================================
Received Import Request.
  Time since last request: 0.889858 seconds.
  path: Assets/Scenes/SolarSystem.unity
  artifactKey: Guid(ccd7ea0ebea7b4342b6e11d71e73d215) Importer(2089858483,b0f066a214c2f5e87bad3c948f4d605d)
Start importing Assets/Scenes/SolarSystem.unity using Guid(ccd7ea0ebea7b4342b6e11d71e73d215) Importer(2089858483,b0f066a214c2f5e87bad3c948f4d605d) (ScriptedImporter) -> (artifact id: '3f46cc38d55238d47bc340352c1b19cb') in 0.0595801 seconds
Number of updated asset objects reloaded before import = 0Number of asset objects unloaded after import = 1

========================================================================
Received Import Request.
  Time since last request: 1794.329892 seconds.
  path: Assets/Settings/Mobile_RPAsset.asset
  artifactKey: Guid(5e6cbd92db86f4b18aec3ed561671858) Importer(2089858483,b0f066a214c2f5e87bad3c948f4d605d)
Start importing Assets/Settings/Mobile_RPAsset.asset using Guid(5e6cbd92db86f4b18aec3ed561671858) Importer(2089858483,b0f066a214c2f5e87bad3c948f4d605d) (ScriptedImporter) -> (artifact id: '9f75396a4741e8f6309dc6e0e11054cb') in 0.1261303 seconds
Number of updated asset objects reloaded before import = 0Number of asset objects unloaded after import = 2

========================================================================
Received Import Request.
  Time since last request: 6.861553 seconds.
  path: Assets/DeepSpaceSkyboxPack/GalaxyFire/Textures/front_galaxyfire.tif
  artifactKey: Guid(f689d46fa2a6e254abad7c15b73c3f4a) Importer(2089858483,b0f066a214c2f5e87bad3c948f4d605d)
Start importing Assets/DeepSpaceSkyboxPack/GalaxyFire/Textures/front_galaxyfire.tif using Guid(f689d46fa2a6e254abad7c15b73c3f4a) Importer(2089858483,b0f066a214c2f5e87bad3c948f4d605d) (ScriptedImporter)[Licensing::Client] Successfully resolved entitlement details
[Licensing::Module] License group:
  Id: F4-6VAQ-RSPE-8B2K-ACW9-XXXX
  Product: Unity Personal
  Type: ULF
  Expiration: Unlimited
[Licensing::Module] License group:
  Id: 4673984417473-UnityPersXXXX
  Product: Unity Personal
  Type: Assigned
  Expiration: Unlimited
 -> (artifact id: 'b2842b3b639109bd62ed6e7fa06b1f13') in 0.0807031 seconds
Number of updated asset objects reloaded before import = 0Number of asset objects unloaded after import = 1

========================================================================
Received Import Request.
  Time since last request: 0.000016 seconds.
  path: Assets/DeepSpaceSkyboxPack/GalacticGreen/Material
  artifactKey: Guid(42143f25bb87e144188068a3e61f2e36) Importer(2089858483,b0f066a214c2f5e87bad3c948f4d605d)
Start importing Assets/DeepSpaceSkyboxPack/GalacticGreen/Material using Guid(42143f25bb87e144188068a3e61f2e36) Importer(2089858483,b0f066a214c2f5e87bad3c948f4d605d) (ScriptedImporter) -> (artifact id: '15c154114c21a5caea0ab592c8c3032f') in 0.0088742 seconds
Number of updated asset objects reloaded before import = 0Number of asset objects unloaded after import = 1

========================================================================
Received Import Request.
  Time since last request: 0.000025 seconds.
  path: Assets/DeepSpaceSkyboxPack/GalaxyFire/Galaxy Fire Skybox Readme.txt
  artifactKey: Guid(469e99eb77f6842e7bad673f0d1215bf) Importer(2089858483,b0f066a214c2f5e87bad3c948f4d605d)
Start importing Assets/DeepSpaceSkyboxPack/GalaxyFire/Galaxy Fire Skybox Readme.txt using Guid(469e99eb77f6842e7bad673f0d1215bf) Importer(2089858483,b0f066a214c2f5e87bad3c948f4d605d) (ScriptedImporter) -> (artifact id: '510166c9d624a78c4e5e4276cfddd497') in 0.0132826 seconds
Number of updated asset objects reloaded before import = 0Number of asset objects unloaded after import = 1

========================================================================
Received Import Request.
  Time since last request: 0.000025 seconds.
  path: Assets/DeepSpaceSkyboxPack/DiverseSpace
  artifactKey: Guid(852f40834f2daa148bafbce9d517d3ee) Importer(2089858483,b0f066a214c2f5e87bad3c948f4d605d)
Start importing Assets/DeepSpaceSkyboxPack/DiverseSpace using Guid(852f40834f2daa148bafbce9d517d3ee) Importer(2089858483,b0f066a214c2f5e87bad3c948f4d605d) (ScriptedImporter) -> (artifact id: 'f5e46833a267ca0d58bb885f52787d8e') in 0.0082391 seconds
Number of updated asset objects reloaded before import = 0Number of asset objects unloaded after import = 1

========================================================================
Received Import Request.
  Time since last request: 0.000021 seconds.
  path: Assets/DeepSpaceSkyboxPack/GalaxyFire/Textures
  artifactKey: Guid(a73986c4e20ef3a42988c2ce3c7ed2f0) Importer(2089858483,b0f066a214c2f5e87bad3c948f4d605d)
Start importing Assets/DeepSpaceSkyboxPack/GalaxyFire/Textures using Guid(a73986c4e20ef3a42988c2ce3c7ed2f0) Importer(2089858483,b0f066a214c2f5e87bad3c948f4d605d) (ScriptedImporter) -> (artifact id: '21513d9395623c06faa0d61f2b5d25fb') in 0.0063069 seconds
Number of updated asset objects reloaded before import = 0Number of asset objects unloaded after import = 1

========================================================================
Received Import Request.
  Time since last request: 0.000028 seconds.
  path: Assets/DeepSpaceSkyboxPack/GalaxyFire/Textures/right_galaxyfire.tif
  artifactKey: Guid(e85bb475092c7bc40aa16839048d5339) Importer(2089858483,b0f066a214c2f5e87bad3c948f4d605d)
Start importing Assets/DeepSpaceSkyboxPack/GalaxyFire/Textures/right_galaxyfire.tif using Guid(e85bb475092c7bc40aa16839048d5339) Importer(2089858483,b0f066a214c2f5e87bad3c948f4d605d) (ScriptedImporter) -> (artifact id: '9dd68d504adda2f97964768f77b57724') in 0.0215117 seconds
Number of updated asset objects reloaded before import = 0Number of asset objects unloaded after import = 1

========================================================================
Received Import Request.
  Time since last request: 0.000025 seconds.
  path: Assets/DeepSpaceSkyboxPack/GalacticGreen/Material/GalacticGreenMaterial.mat
  artifactKey: Guid(42eaf2c5dbb13dc498f15df5a5b05fda) Importer(2089858483,b0f066a214c2f5e87bad3c948f4d605d)
Start importing Assets/DeepSpaceSkyboxPack/GalacticGreen/Material/GalacticGreenMaterial.mat using Guid(42eaf2c5dbb13dc498f15df5a5b05fda) Importer(2089858483,b0f066a214c2f5e87bad3c948f4d605d) (ScriptedImporter) -> (artifact id: '7d77619ff7cca0eb4d27f150a81571a3') in 0.0626474 seconds
Number of updated asset objects reloaded before import = 0Number of asset objects unloaded after import = 7

========================================================================
Received Import Request.
  Time since last request: 0.000028 seconds.
  path: Assets/DeepSpaceSkyboxPack/DiverseSpace/Textures
  artifactKey: Guid(7edb97439e6252d4ba4eceda525fe495) Importer(2089858483,b0f066a214c2f5e87bad3c948f4d605d)
Start importing Assets/DeepSpaceSkyboxPack/DiverseSpace/Textures using Guid(7edb97439e6252d4ba4eceda525fe495) Importer(2089858483,b0f066a214c2f5e87bad3c948f4d605d) (ScriptedImporter) -> (artifact id: '0ebb735ded0d9a46f164e53172543f5b') in 0.00719 seconds
Number of updated asset objects reloaded before import = 0Number of asset objects unloaded after import = 1

========================================================================
Received Import Request.
  Time since last request: 0.000027 seconds.
  path: Assets/DeepSpaceSkyboxPack/GalaxyFire/Textures/left_galaxyfire.tif
  artifactKey: Guid(34d6675f7f1177449a86d4df11c6bf49) Importer(2089858483,b0f066a214c2f5e87bad3c948f4d605d)
Start importing Assets/DeepSpaceSkyboxPack/GalaxyFire/Textures/left_galaxyfire.tif using Guid(34d6675f7f1177449a86d4df11c6bf49) Importer(2089858483,b0f066a214c2f5e87bad3c948f4d605d) (ScriptedImporter) -> (artifact id: '5610eb3419eac345e21507e6b14ea231') in 0.0156898 seconds
Number of updated asset objects reloaded before import = 0Number of asset objects unloaded after import = 1

========================================================================
Received Import Request.
  Time since last request: 0.000020 seconds.
  path: Assets/DeepSpaceSkyboxPack/GalaxyFire/Material/GalaxyFireMaterial.mat
  artifactKey: Guid(69e10e886d52d20478f9ed5424126be8) Importer(2089858483,b0f066a214c2f5e87bad3c948f4d605d)
Start importing Assets/DeepSpaceSkyboxPack/GalaxyFire/Material/GalaxyFireMaterial.mat using Guid(69e10e886d52d20478f9ed5424126be8) Importer(2089858483,b0f066a214c2f5e87bad3c948f4d605d) (ScriptedImporter) -> (artifact id: '43c36556c55ecdb8296e262a0b0eff73') in 0.0250961 seconds
Number of updated asset objects reloaded before import = 0Number of asset objects unloaded after import = 7

========================================================================
Received Import Request.
  Time since last request: 0.000022 seconds.
  path: Assets/DeepSpaceSkyboxPack/GalacticGreen/Galactic Green Skybox Readme.txt
  artifactKey: Guid(eb02bb8cc0a93934b9973a75964dc501) Importer(2089858483,b0f066a214c2f5e87bad3c948f4d605d)
Start importing Assets/DeepSpaceSkyboxPack/GalacticGreen/Galactic Green Skybox Readme.txt using Guid(eb02bb8cc0a93934b9973a75964dc501) Importer(2089858483,b0f066a214c2f5e87bad3c948f4d605d) (ScriptedImporter) -> (artifact id: '373bea726f8b36b914fd6211161c4ce9') in 0.0095517 seconds
Number of updated asset objects reloaded before import = 0Number of asset objects unloaded after import = 1

========================================================================
Received Import Request.
  Time since last request: 0.000032 seconds.
  path: Assets/DeepSpaceSkyboxPack/DiverseSpace/Textures/diversespace-left.tif
  artifactKey: Guid(608a51bfce29a174aa86b692c9ff38b3) Importer(2089858483,b0f066a214c2f5e87bad3c948f4d605d)
Start importing Assets/DeepSpaceSkyboxPack/DiverseSpace/Textures/diversespace-left.tif using Guid(608a51bfce29a174aa86b692c9ff38b3) Importer(2089858483,b0f066a214c2f5e87bad3c948f4d605d) (ScriptedImporter) -> (artifact id: '1c907799c64402f295393d21deebb961') in 0.0169369 seconds
Number of updated asset objects reloaded before import = 0Number of asset objects unloaded after import = 1

========================================================================
Received Import Request.
  Time since last request: 0.000031 seconds.
  path: Assets/DeepSpaceSkyboxPack/DiverseSpace/Textures/diversespace-up.tif
  artifactKey: Guid(bccfe129d6c46dd42a2332a24a0ea3cc) Importer(2089858483,b0f066a214c2f5e87bad3c948f4d605d)
Start importing Assets/DeepSpaceSkyboxPack/DiverseSpace/Textures/diversespace-up.tif using Guid(bccfe129d6c46dd42a2332a24a0ea3cc) Importer(2089858483,b0f066a214c2f5e87bad3c948f4d605d) (ScriptedImporter) -> (artifact id: '87e4f2320e72a9923d507a8b63e78e0d') in 0.0254907 seconds
Number of updated asset objects reloaded before import = 0Number of asset objects unloaded after import = 1

========================================================================
Received Import Request.
  Time since last request: 0.000023 seconds.
  path: Assets/DeepSpaceSkyboxPack/DiverseSpace/Textures/diversespace-back.tif
  artifactKey: Guid(5aaf7cd74552c9440b96748a185216d0) Importer(2089858483,b0f066a214c2f5e87bad3c948f4d605d)
Start importing Assets/DeepSpaceSkyboxPack/DiverseSpace/Textures/diversespace-back.tif using Guid(5aaf7cd74552c9440b96748a185216d0) Importer(2089858483,b0f066a214c2f5e87bad3c948f4d605d) (ScriptedImporter) -> (artifact id: 'f0d2ff3fe85fd5c7650a1b23a99cc2fc') in 0.0132832 seconds
Number of updated asset objects reloaded before import = 0Number of asset objects unloaded after import = 1

========================================================================
Received Import Request.
  Time since last request: 0.000023 seconds.
  path: Assets/DeepSpaceSkyboxPack/GalacticGreen/Textures/galacticgreen_down.tif
  artifactKey: Guid(88884f13580cfce4caf6b582ef47bd54) Importer(2089858483,b0f066a214c2f5e87bad3c948f4d605d)
Start importing Assets/DeepSpaceSkyboxPack/GalacticGreen/Textures/galacticgreen_down.tif using Guid(88884f13580cfce4caf6b582ef47bd54) Importer(2089858483,b0f066a214c2f5e87bad3c948f4d605d) (ScriptedImporter) -> (artifact id: 'e2a51ec197ca93b698fa0c7efa5d43e9') in 0.0171345 seconds
Number of updated asset objects reloaded before import = 0Number of asset objects unloaded after import = 1

========================================================================
Received Import Request.
  Time since last request: 0.000024 seconds.
  path: Assets/DeepSpaceSkyboxPack/GalacticGreen/Textures/galacticgreen-up.tif
  artifactKey: Guid(3eaf8afd3a146b2458ec5217fc7d6ceb) Importer(2089858483,b0f066a214c2f5e87bad3c948f4d605d)
Start importing Assets/DeepSpaceSkyboxPack/GalacticGreen/Textures/galacticgreen-up.tif using Guid(3eaf8afd3a146b2458ec5217fc7d6ceb) Importer(2089858483,b0f066a214c2f5e87bad3c948f4d605d) (ScriptedImporter) -> (artifact id: '2370b98604a9ff6bc76a402521daa9b8') in 0.0177658 seconds
Number of updated asset objects reloaded before import = 0Number of asset objects unloaded after import = 1

========================================================================
Received Import Request.
  Time since last request: 0.000018 seconds.
  path: Assets/DeepSpaceSkyboxPack/GalaxyFire/Textures/down_galaxyfire.tif
  artifactKey: Guid(03557cb833a29514e809fe3121c3b04d) Importer(2089858483,b0f066a214c2f5e87bad3c948f4d605d)
Start importing Assets/DeepSpaceSkyboxPack/GalaxyFire/Textures/down_galaxyfire.tif using Guid(03557cb833a29514e809fe3121c3b04d) Importer(2089858483,b0f066a214c2f5e87bad3c948f4d605d) (ScriptedImporter) -> (artifact id: '5fe1d880a5587a18b61b6055565b8912') in 0.0133914 seconds
Number of updated asset objects reloaded before import = 0Number of asset objects unloaded after import = 1

========================================================================
Received Import Request.
  Time since last request: 0.000019 seconds.
  path: Assets/DeepSpaceSkyboxPack/GalacticGreen/Textures/galacticgreen-front.tif
  artifactKey: Guid(fd076a6dda0fdb942b4954a21b68d4df) Importer(2089858483,b0f066a214c2f5e87bad3c948f4d605d)
Start importing Assets/DeepSpaceSkyboxPack/GalacticGreen/Textures/galacticgreen-front.tif using Guid(fd076a6dda0fdb942b4954a21b68d4df) Importer(2089858483,b0f066a214c2f5e87bad3c948f4d605d) (ScriptedImporter) -> (artifact id: '65431ecac1ff1ac7525a9fe4c346393c') in 0.0131847 seconds
Number of updated asset objects reloaded before import = 0Number of asset objects unloaded after import = 1

========================================================================
Received Import Request.
  Time since last request: 0.000023 seconds.
  path: Assets/DeepSpaceSkyboxPack
  artifactKey: Guid(6f344d75f31535440a9e16e3a217c88e) Importer(2089858483,b0f066a214c2f5e87bad3c948f4d605d)
Start importing Assets/DeepSpaceSkyboxPack using Guid(6f344d75f31535440a9e16e3a217c88e) Importer(2089858483,b0f066a214c2f5e87bad3c948f4d605d) (ScriptedImporter) -> (artifact id: '61e8517f17098b248795587d312a56bf') in 0.0065293 seconds
Number of updated asset objects reloaded before import = 0Number of asset objects unloaded after import = 1

========================================================================
Received Import Request.
  Time since last request: 22.269199 seconds.
  path: Assets/Art/DeepSpaceSkyboxPack/GalacticGreen/Textures
  artifactKey: Guid(5b6d49029a16f1443b71b7585beccd24) Importer(2089858483,b0f066a214c2f5e87bad3c948f4d605d)
Start importing Assets/Art/DeepSpaceSkyboxPack/GalacticGreen/Textures using Guid(5b6d49029a16f1443b71b7585beccd24) Importer(2089858483,b0f066a214c2f5e87bad3c948f4d605d) (ScriptedImporter) -> (artifact id: '228001d755843751b08f37fd2d28834e') in 0.0056454 seconds
Number of updated asset objects reloaded before import = 0Number of asset objects unloaded after import = 1

========================================================================
Received Import Request.
  Time since last request: 0.000023 seconds.
  path: Assets/Art/DeepSpaceSkyboxPack/GalacticGreen/Material
  artifactKey: Guid(42143f25bb87e144188068a3e61f2e36) Importer(2089858483,b0f066a214c2f5e87bad3c948f4d605d)
Start importing Assets/Art/DeepSpaceSkyboxPack/GalacticGreen/Material using Guid(42143f25bb87e144188068a3e61f2e36) Importer(2089858483,b0f066a214c2f5e87bad3c948f4d605d) (ScriptedImporter) -> (artifact id: 'c1f9ff7dde214913d2692cfc30191de0') in 0.005711 seconds
Number of updated asset objects reloaded before import = 0Number of asset objects unloaded after import = 1

========================================================================
Received Import Request.
  Time since last request: 0.000014 seconds.
  path: Assets/Art/DeepSpaceSkyboxPack/DiverseSpace/Textures/diversespace-down.tif
  artifactKey: Guid(fa631bed8c5ce2043816f9b7e09bc255) Importer(2089858483,b0f066a214c2f5e87bad3c948f4d605d)
Start importing Assets/Art/DeepSpaceSkyboxPack/DiverseSpace/Textures/diversespace-down.tif using Guid(fa631bed8c5ce2043816f9b7e09bc255) Importer(2089858483,b0f066a214c2f5e87bad3c948f4d605d) (ScriptedImporter) -> (artifact id: 'e7b60e0551c8fc2ad1a06e24986a6043') in 0.0131464 seconds
Number of updated asset objects reloaded before import = 0Number of asset objects unloaded after import = 1

========================================================================
Received Import Request.
  Time since last request: 0.000017 seconds.
  path: Assets/Art/DeepSpaceSkyboxPack/GalaxyFire/Textures/front_galaxyfire.tif
  artifactKey: Guid(f689d46fa2a6e254abad7c15b73c3f4a) Importer(2089858483,b0f066a214c2f5e87bad3c948f4d605d)
Start importing Assets/Art/DeepSpaceSkyboxPack/GalaxyFire/Textures/front_galaxyfire.tif using Guid(f689d46fa2a6e254abad7c15b73c3f4a) Importer(2089858483,b0f066a214c2f5e87bad3c948f4d605d) (ScriptedImporter) -> (artifact id: 'bb48c03d2a63731fd458d044b8c9ef00') in 0.0157812 seconds
Number of updated asset objects reloaded before import = 0Number of asset objects unloaded after import = 1

========================================================================
Received Import Request.
  Time since last request: 0.000031 seconds.
  path: Assets/Art/DeepSpaceSkyboxPack/GalacticGreen
  artifactKey: Guid(d5f3674da32b594499088fd92fac0535) Importer(2089858483,b0f066a214c2f5e87bad3c948f4d605d)
Start importing Assets/Art/DeepSpaceSkyboxPack/GalacticGreen using Guid(d5f3674da32b594499088fd92fac0535) Importer(2089858483,b0f066a214c2f5e87bad3c948f4d605d) (ScriptedImporter) -> (artifact id: '0bd841e5b12d22b41fa1a38ecee79af5') in 0.0089059 seconds
Number of updated asset objects reloaded before import = 0Number of asset objects unloaded after import = 1

========================================================================
Received Import Request.
  Time since last request: 0.000014 seconds.
  path: Assets/Art/DeepSpaceSkyboxPack/DiverseSpace/Diverse Space Skybox Readme.txt
  artifactKey: Guid(0878d65f7c41c42e5856cbe16888f23f) Importer(2089858483,b0f066a214c2f5e87bad3c948f4d605d)
Start importing Assets/Art/DeepSpaceSkyboxPack/DiverseSpace/Diverse Space Skybox Readme.txt using Guid(0878d65f7c41c42e5856cbe16888f23f) Importer(2089858483,b0f066a214c2f5e87bad3c948f4d605d) (ScriptedImporter) -> (artifact id: '14d728b62640a6d8e4fe6a7f7a2627f9') in 0.0062427 seconds
Number of updated asset objects reloaded before import = 0Number of asset objects unloaded after import = 1

========================================================================
Received Import Request.
  Time since last request: 0.000014 seconds.
  path: Assets/Art/DeepSpaceSkyboxPack/GalaxyFire/Material/GalaxyFireMaterial.mat
  artifactKey: Guid(69e10e886d52d20478f9ed5424126be8) Importer(2089858483,b0f066a214c2f5e87bad3c948f4d605d)
Start importing Assets/Art/DeepSpaceSkyboxPack/GalaxyFire/Material/GalaxyFireMaterial.mat using Guid(69e10e886d52d20478f9ed5424126be8) Importer(2089858483,b0f066a214c2f5e87bad3c948f4d605d) (ScriptedImporter) -> (artifact id: 'da3e56e9a2a015e2dd583e8cb0a816ac') in 0.0125019 seconds
Number of updated asset objects reloaded before import = 0Number of asset objects unloaded after import = 7

========================================================================
Received Import Request.
  Time since last request: 0.000020 seconds.
  path: Assets/Art/DeepSpaceSkyboxPack/GalaxyFire/Textures/down_galaxyfire.tif
  artifactKey: Guid(03557cb833a29514e809fe3121c3b04d) Importer(2089858483,b0f066a214c2f5e87bad3c948f4d605d)
Start importing Assets/Art/DeepSpaceSkyboxPack/GalaxyFire/Textures/down_galaxyfire.tif using Guid(03557cb833a29514e809fe3121c3b04d) Importer(2089858483,b0f066a214c2f5e87bad3c948f4d605d) (ScriptedImporter) -> (artifact id: 'f44e9c1c90c9547529afc586c9ff93f6') in 0.0123123 seconds
Number of updated asset objects reloaded before import = 0Number of asset objects unloaded after import = 1

========================================================================
Received Import Request.
  Time since last request: 0.000032 seconds.
  path: Assets/Art/DeepSpaceSkyboxPack/DiverseSpace/Textures/diversespace-up.tif
  artifactKey: Guid(bccfe129d6c46dd42a2332a24a0ea3cc) Importer(2089858483,b0f066a214c2f5e87bad3c948f4d605d)
Start importing Assets/Art/DeepSpaceSkyboxPack/DiverseSpace/Textures/diversespace-up.tif using Guid(bccfe129d6c46dd42a2332a24a0ea3cc) Importer(2089858483,b0f066a214c2f5e87bad3c948f4d605d) (ScriptedImporter) -> (artifact id: 'cd8985f0ad5cf0609664954f383bc2fe') in 0.0150389 seconds
Number of updated asset objects reloaded before import = 0Number of asset objects unloaded after import = 1

========================================================================
Received Import Request.
  Time since last request: 0.000017 seconds.
  path: Assets/Art/DeepSpaceSkyboxPack/GalacticGreen/Textures/galacticgreen-up.tif
  artifactKey: Guid(3eaf8afd3a146b2458ec5217fc7d6ceb) Importer(2089858483,b0f066a214c2f5e87bad3c948f4d605d)
Start importing Assets/Art/DeepSpaceSkyboxPack/GalacticGreen/Textures/galacticgreen-up.tif using Guid(3eaf8afd3a146b2458ec5217fc7d6ceb) Importer(2089858483,b0f066a214c2f5e87bad3c948f4d605d) (ScriptedImporter) -> (artifact id: '360e9e869c94a9f28853cda55e3e1e6d') in 0.0195701 seconds
Number of updated asset objects reloaded before import = 0Number of asset objects unloaded after import = 1

========================================================================
Received Import Request.
  Time since last request: 0.000022 seconds.
  path: Assets/Art/DeepSpaceSkyboxPack/DiverseSpace/Textures/diversespace-right.tif
  artifactKey: Guid(b83ed05e17bb80a4d960bfc607d24c45) Importer(2089858483,b0f066a214c2f5e87bad3c948f4d605d)
Start importing Assets/Art/DeepSpaceSkyboxPack/DiverseSpace/Textures/diversespace-right.tif using Guid(b83ed05e17bb80a4d960bfc607d24c45) Importer(2089858483,b0f066a214c2f5e87bad3c948f4d605d) (ScriptedImporter) -> (artifact id: '38ebb34d7580b545c463e2ea4de23404') in 0.0137375 seconds
Number of updated asset objects reloaded before import = 0Number of asset objects unloaded after import = 1

========================================================================
Received Import Request.
  Time since last request: 0.000024 seconds.
  path: Assets/Art/DeepSpaceSkyboxPack/DiverseSpace/Textures/diversespace-left.tif
  artifactKey: Guid(608a51bfce29a174aa86b692c9ff38b3) Importer(2089858483,b0f066a214c2f5e87bad3c948f4d605d)
Start importing Assets/Art/DeepSpaceSkyboxPack/DiverseSpace/Textures/diversespace-left.tif using Guid(608a51bfce29a174aa86b692c9ff38b3) Importer(2089858483,b0f066a214c2f5e87bad3c948f4d605d) (ScriptedImporter) -> (artifact id: 'f60917dcb5c54ee997626bb482c18306') in 0.0191513 seconds
Number of updated asset objects reloaded before import = 0Number of asset objects unloaded after import = 1

Editor requested this worker to shutdown with reason: Scaling down because of idle timeout
AssetImportWorker is now disconnected from the server
Process exiting
Exiting without the bug reporter. Application will terminate with return code 0